Device: cuda
Indexing dataset...
Total windows: 12348
Label mapping: {'active': 0, 'crying': 1, 'quiet': 2, 'sleep': 3}
Indexing dataset...
Total windows: 4329
Label mapping: {'active': 0, 'crying': 1, 'quiet': 2, 'sleep': 3}
[001/50] train loss=1.0527 acc=0.5994 f1=0.3225 | val loss=1.2301 acc=0.4255 f1=0.2392
  ✅ Saved best checkpoint to /work/nvme/bebr/mkhan14/ecg_foundation_model/infant_status/brp_sft_experiments/sft_out/best.pt (val macro-F1=0.2392)
[002/50] train loss=0.9573 acc=0.6592 f1=0.3551 | val loss=1.2190 acc=0.4366 f1=0.2453
  ✅ Saved best checkpoint to /work/nvme/bebr/mkhan14/ecg_foundation_model/infant_status/brp_sft_experiments/sft_out/best.pt (val macro-F1=0.2453)
[003/50] train loss=0.9028 acc=0.6824 f1=0.3677 | val loss=1.1306 acc=0.5151 f1=0.2871
  ✅ Saved best checkpoint to /work/nvme/bebr/mkhan14/ecg_foundation_model/infant_status/brp_sft_experiments/sft_out/best.pt (val macro-F1=0.2871)
[004/50] train loss=0.8534 acc=0.7080 f1=0.3817 | val loss=1.0884 acc=0.5807 f1=0.3209
  ✅ Saved best checkpoint to /work/nvme/bebr/mkhan14/ecg_foundation_model/infant_status/brp_sft_experiments/sft_out/best.pt (val macro-F1=0.3209)
[005/50] train loss=0.8156 acc=0.7241 f1=0.3905 | val loss=1.0463 acc=0.6373 f1=0.3472
  ✅ Saved best checkpoint to /work/nvme/bebr/mkhan14/ecg_foundation_model/infant_status/brp_sft_experiments/sft_out/best.pt (val macro-F1=0.3472)
[006/50] train loss=0.7829 acc=0.7332 f1=0.3955 | val loss=1.0410 acc=0.6380 f1=0.3436
[007/50] train loss=0.7630 acc=0.7371 f1=0.3976 | val loss=1.0472 acc=0.6304 f1=0.3354
[008/50] train loss=0.7460 acc=0.7430 f1=0.4009 | val loss=1.0590 acc=0.6066 f1=0.3100
[009/50] train loss=0.7316 acc=0.7447 f1=0.4020 | val loss=1.0364 acc=0.6316 f1=0.3388
[010/50] train loss=0.7225 acc=0.7465 f1=0.4029 | val loss=1.0985 acc=0.5798 f1=0.2765
[011/50] train loss=0.7129 acc=0.7502 f1=0.4050 | val loss=1.0947 acc=0.5833 f1=0.2820
[012/50] train loss=0.7064 acc=0.7520 f1=0.4060 | val loss=1.1045 acc=0.5828 f1=0.2820
[013/50] train loss=0.6990 acc=0.7540 f1=0.4071 | val loss=1.0976 acc=0.5927 f1=0.2930
[014/50] train loss=0.6911 acc=0.7551 f1=0.4077 | val loss=1.0865 acc=0.6004 f1=0.3022
[015/50] train loss=0.6864 acc=0.7563 f1=0.4084 | val loss=1.0784 acc=0.6061 f1=0.3109
[016/50] train loss=0.6813 acc=0.7580 f1=0.4094 | val loss=1.1008 acc=0.5925 f1=0.2957
[017/50] train loss=0.6765 acc=0.7575 f1=0.4091 | val loss=1.0973 acc=0.5981 f1=0.3004
[018/50] train loss=0.6753 acc=0.7603 f1=0.4107 | val loss=1.0611 acc=0.6235 f1=0.3298
[019/50] train loss=0.6692 acc=0.7603 f1=0.4107 | val loss=1.1119 acc=0.6013 f1=0.3028
[020/50] train loss=0.6651 acc=0.7622 f1=0.4117 | val loss=1.1785 acc=0.5793 f1=0.2733
[021/50] train loss=0.6600 acc=0.7623 f1=0.4118 | val loss=1.0906 acc=0.6098 f1=0.3143
[022/50] train loss=0.6580 acc=0.7631 f1=0.4122 | val loss=1.0870 acc=0.6140 f1=0.3180
[023/50] train loss=0.6537 acc=0.7643 f1=0.4130 | val loss=1.0719 acc=0.6262 f1=0.3317
[024/50] train loss=0.6507 acc=0.7661 f1=0.4144 | val loss=1.0812 acc=0.6193 f1=0.3240
[025/50] train loss=0.6480 acc=0.7681 f1=0.4151 | val loss=1.0625 acc=0.6348 f1=0.3398
[026/50] train loss=0.6465 acc=0.7664 f1=0.4141 | val loss=1.1443 acc=0.6011 f1=0.3006
[027/50] train loss=0.6427 acc=0.7681 f1=0.4151 | val loss=1.1588 acc=0.6055 f1=0.3069
[028/50] train loss=0.6413 acc=0.7702 f1=0.4162 | val loss=1.1240 acc=0.6156 f1=0.3183
[029/50] train loss=0.6379 acc=0.7695 f1=0.4163 | val loss=1.1257 acc=0.6184 f1=0.3222
[030/50] train loss=0.6351 acc=0.7713 f1=0.4183 | val loss=1.1198 acc=0.6205 f1=0.3277
[031/50] train loss=0.6341 acc=0.7710 f1=0.4177 | val loss=1.1611 acc=0.6145 f1=0.3282
[032/50] train loss=0.6300 acc=0.7715 f1=0.4194 | val loss=1.1876 acc=0.6075 f1=0.3265
[033/50] train loss=0.6279 acc=0.7711 f1=0.4217 | val loss=1.1582 acc=0.6168 f1=0.3484
  ✅ Saved best checkpoint to /work/nvme/bebr/mkhan14/ecg_foundation_model/infant_status/brp_sft_experiments/sft_out/best.pt (val macro-F1=0.3484)
[034/50] train loss=0.6259 acc=0.7741 f1=0.4232 | val loss=1.1398 acc=0.6329 f1=0.3794
  ✅ Saved best checkpoint to /work/nvme/bebr/mkhan14/ecg_foundation_model/infant_status/brp_sft_experiments/sft_out/best.pt (val macro-F1=0.3794)
[035/50] train loss=0.6231 acc=0.7748 f1=0.4258 | val loss=1.1616 acc=0.6316 f1=0.4087
  ✅ Saved best checkpoint to /work/nvme/bebr/mkhan14/ecg_foundation_model/infant_status/brp_sft_experiments/sft_out/best.pt (val macro-F1=0.4087)
[036/50] train loss=0.6207 acc=0.7743 f1=0.4247 | val loss=1.1270 acc=0.6286 f1=0.3706
[037/50] train loss=0.6176 acc=0.7770 f1=0.4309 | val loss=1.1571 acc=0.6329 f1=0.4270
  ✅ Saved best checkpoint to /work/nvme/bebr/mkhan14/ecg_foundation_model/infant_status/brp_sft_experiments/sft_out/best.pt (val macro-F1=0.4270)
[038/50] train loss=0.6167 acc=0.7761 f1=0.4296 | val loss=1.1716 acc=0.6336 f1=0.4404
  ✅ Saved best checkpoint to /work/nvme/bebr/mkhan14/ecg_foundation_model/infant_status/brp_sft_experiments/sft_out/best.pt (val macro-F1=0.4404)
[039/50] train loss=0.6172 acc=0.7772 f1=0.4372 | val loss=1.2256 acc=0.6089 f1=0.4215
[040/50] train loss=0.6147 acc=0.7779 f1=0.4393 | val loss=1.2413 acc=0.5729 f1=0.4005
[041/50] train loss=0.6132 acc=0.7772 f1=0.4412 | val loss=1.1455 acc=0.6417 f1=0.4543
  ✅ Saved best checkpoint to /work/nvme/bebr/mkhan14/ecg_foundation_model/infant_status/brp_sft_experiments/sft_out/best.pt (val macro-F1=0.4543)
[042/50] train loss=0.6104 acc=0.7803 f1=0.4400 | val loss=1.2193 acc=0.5930 f1=0.4188
[043/50] train loss=0.6079 acc=0.7794 f1=0.4435 | val loss=1.2216 acc=0.6075 f1=0.4210
[044/50] train loss=0.6049 acc=0.7807 f1=0.4484 | val loss=1.2560 acc=0.5759 f1=0.4028
[045/50] train loss=0.6049 acc=0.7812 f1=0.4511 | val loss=1.2414 acc=0.5763 f1=0.4076
[046/50] train loss=0.6020 acc=0.7831 f1=0.4595 | val loss=1.2050 acc=0.5687 f1=0.4097
[047/50] train loss=0.6022 acc=0.7827 f1=0.4584 | val loss=1.2643 acc=0.5692 f1=0.3968
[048/50] train loss=0.6009 acc=0.7841 f1=0.4637 | val loss=1.2621 acc=0.5588 f1=0.3963
[049/50] train loss=0.6010 acc=0.7844 f1=0.4649 | val loss=1.2280 acc=0.5680 f1=0.4007
[050/50] train loss=0.5968 acc=0.7820 f1=0.4602 | val loss=1.1998 acc=0.5828 f1=0.4167

===== TEST RESULTS =====
test loss: 1.1455
test acc : 0.6417
test f1  : 0.4543
test kappa: 0.3575

Done. Outputs in: /work/nvme/bebr/mkhan14/ecg_foundation_model/infant_status/brp_sft_experiments/sft_out
Indexing dataset...
Total windows: 4329
Label mapping: {'active': 0, 'crying': 1, 'quiet': 2, 'sleep': 3}

===== TEST RESULTS =====
Loss  : 1.1455
Acc   : 0.6417
F1    : 0.4543
Kappa : 0.3575

Saved results to: eval_results
========== DONE ==========
