wandb: [wandb.login()] Loaded credentials for https://api.wandb.ai from WANDB_API_KEY.
wandb: Currently logged in as: nurhossain2301 (nurhossain2301-worcester-polytechnic-institute) to https://api.wandb.ai. Use `wandb login --relogin` to force relogin
wandb: setting up run 1b1jb5f0
wandb: Tracking run with wandb version 0.25.0
wandb: Run data is saved locally in /work/nvme/bebr/mkhan14/ecg_foundation_model/infant_vs_caregiver/wandb/run-20260407_115541-1b1jb5f0
wandb: Run `wandb offline` to turn off syncing.
wandb: Syncing run sft_brp-infant-vs-caregiver_v1.0_window_sec_10
wandb: ⭐️ View project at https://wandb.ai/nurhossain2301-worcester-polytechnic-institute/ecg-hubert-brp-sft
wandb: 🚀 View run at https://wandb.ai/nurhossain2301-worcester-polytechnic-institute/ecg-hubert-brp-sft/runs/1b1jb5f0
/work/nvme/bebr/mkhan14/ecg_foundation_model/infant_vs_caregiver/BRP_dataset.py:68: WavFileWarning: Chunk (non-data) not understood, skipping it.
  sr, waveform = wavfile.read(ecg_path)
/work/nvme/bebr/mkhan14/ecg_foundation_model/infant_vs_caregiver/BRP_dataset.py:68: WavFileWarning: Chunk (non-data) not understood, skipping it.
  sr, waveform = wavfile.read(ecg_path)
/work/nvme/bebr/mkhan14/ecg_foundation_model/venv/lib/python3.11/site-packages/torch/nn/modules/transformer.py:392: UserWarning: enable_nested_tensor is True, but self.use_nested_tensor is False because encoder_layer.norm_first was True
  warnings.warn(
/work/nvme/bebr/mkhan14/ecg_foundation_model/infant_vs_caregiver/BRP_dataset.py:117: WavFileWarning: Chunk (non-data) not understood, skipping it.
  sr, waveform = wavfile.read(ecg_path)
/work/nvme/bebr/mkhan14/ecg_foundation_model/infant_vs_caregiver/BRP_dataset.py:117: WavFileWarning: Chunk (non-data) not understood, skipping it.
  sr, waveform = wavfile.read(ecg_path)
/work/nvme/bebr/mkhan14/ecg_foundation_model/infant_vs_caregiver/BRP_dataset.py:117: WavFileWarning: Chunk (non-data) not understood, skipping it.
  sr, waveform = wavfile.read(ecg_path)
/work/nvme/bebr/mkhan14/ecg_foundation_model/infant_vs_caregiver/BRP_dataset.py:117: WavFileWarning: Chunk (non-data) not understood, skipping it.
  sr, waveform = wavfile.read(ecg_path)
/work/nvme/bebr/mkhan14/ecg_foundation_model/infant_vs_caregiver/BRP_dataset.py:117: WavFileWarning: Chunk (non-data) not understood, skipping it.
  sr, waveform = wavfile.read(ecg_path)
/work/nvme/bebr/mkhan14/ecg_foundation_model/infant_vs_caregiver/BRP_dataset.py:117: WavFileWarning: Chunk (non-data) not understood, skipping it.
  sr, waveform = wavfile.read(ecg_path)
/work/nvme/bebr/mkhan14/ecg_foundation_model/infant_vs_caregiver/BRP_dataset.py:117: WavFileWarning: Chunk (non-data) not understood, skipping it.
  sr, waveform = wavfile.read(ecg_path)
/work/nvme/bebr/mkhan14/ecg_foundation_model/infant_vs_caregiver/BRP_dataset.py:117: WavFileWarning: Chunk (non-data) not understood, skipping it.
  sr, waveform = wavfile.read(ecg_path)
/work/nvme/bebr/mkhan14/ecg_foundation_model/infant_vs_caregiver/BRP_dataset.py:117: WavFileWarning: Chunk (non-data) not understood, skipping it.
  sr, waveform = wavfile.read(ecg_path)
/work/nvme/bebr/mkhan14/ecg_foundation_model/infant_vs_caregiver/BRP_dataset.py:117: WavFileWarning: Chunk (non-data) not understood, skipping it.
  sr, waveform = wavfile.read(ecg_path)
/work/nvme/bebr/mkhan14/ecg_foundation_model/infant_vs_caregiver/BRP_dataset.py:117: WavFileWarning: Chunk (non-data) not understood, skipping it.
  sr, waveform = wavfile.read(ecg_path)
/work/nvme/bebr/mkhan14/ecg_foundation_model/infant_vs_caregiver/BRP_dataset.py:117: WavFileWarning: Chunk (non-data) not understood, skipping it.
  sr, waveform = wavfile.read(ecg_path)
/work/nvme/bebr/mkhan14/ecg_foundation_model/infant_vs_caregiver/BRP_dataset.py:117: WavFileWarning: Chunk (non-data) not understood, skipping it.
  sr, waveform = wavfile.read(ecg_path)
/work/nvme/bebr/mkhan14/ecg_foundation_model/infant_vs_caregiver/BRP_dataset.py:117: WavFileWarning: Chunk (non-data) not understood, skipping it.
  sr, waveform = wavfile.read(ecg_path)
/work/nvme/bebr/mkhan14/ecg_foundation_model/infant_vs_caregiver/BRP_dataset.py:117: WavFileWarning: Chunk (non-data) not understood, skipping it.
  sr, waveform = wavfile.read(ecg_path)
/work/nvme/bebr/mkhan14/ecg_foundation_model/infant_vs_caregiver/BRP_dataset.py:117: WavFileWarning: Chunk (non-data) not understood, skipping it.
  sr, waveform = wavfile.read(ecg_path)
/work/nvme/bebr/mkhan14/ecg_foundation_model/infant_vs_caregiver/BRP_dataset.py:117: WavFileWarning: Chunk (non-data) not understood, skipping it.
  sr, waveform = wavfile.read(ecg_path)
/work/nvme/bebr/mkhan14/ecg_foundation_model/infant_vs_caregiver/BRP_dataset.py:117: WavFileWarning: Chunk (non-data) not understood, skipping it.
  sr, waveform = wavfile.read(ecg_path)
/work/nvme/bebr/mkhan14/ecg_foundation_model/infant_vs_caregiver/BRP_dataset.py:117: WavFileWarning: Chunk (non-data) not understood, skipping it.
  sr, waveform = wavfile.read(ecg_path)
/work/nvme/bebr/mkhan14/ecg_foundation_model/infant_vs_caregiver/BRP_dataset.py:117: WavFileWarning: Chunk (non-data) not understood, skipping it.
  sr, waveform = wavfile.read(ecg_path)
/work/nvme/bebr/mkhan14/ecg_foundation_model/infant_vs_caregiver/BRP_dataset.py:117: WavFileWarning: Chunk (non-data) not understood, skipping it.
  sr, waveform = wavfile.read(ecg_path)
/work/nvme/bebr/mkhan14/ecg_foundation_model/infant_vs_caregiver/BRP_dataset.py:117: WavFileWarning: Chunk (non-data) not understood, skipping it.
  sr, waveform = wavfile.read(ecg_path)
/work/nvme/bebr/mkhan14/ecg_foundation_model/infant_vs_caregiver/BRP_dataset.py:117: WavFileWarning: Chunk (non-data) not understood, skipping it.
  sr, waveform = wavfile.read(ecg_path)
/work/nvme/bebr/mkhan14/ecg_foundation_model/infant_vs_caregiver/BRP_dataset.py:117: WavFileWarning: Chunk (non-data) not understood, skipping it.
  sr, waveform = wavfile.read(ecg_path)
/work/nvme/bebr/mkhan14/ecg_foundation_model/infant_vs_caregiver/BRP_dataset.py:117: WavFileWarning: Chunk (non-data) not understood, skipping it.
  sr, waveform = wavfile.read(ecg_path)
/work/nvme/bebr/mkhan14/ecg_foundation_model/infant_vs_caregiver/BRP_dataset.py:117: WavFileWarning: Chunk (non-data) not understood, skipping it.
  sr, waveform = wavfile.read(ecg_path)
/work/nvme/bebr/mkhan14/ecg_foundation_model/infant_vs_caregiver/BRP_dataset.py:117: WavFileWarning: Chunk (non-data) not understood, skipping it.
  sr, waveform = wavfile.read(ecg_path)
/work/nvme/bebr/mkhan14/ecg_foundation_model/infant_vs_caregiver/BRP_dataset.py:117: WavFileWarning: Chunk (non-data) not understood, skipping it.
  sr, waveform = wavfile.read(ecg_path)
/work/nvme/bebr/mkhan14/ecg_foundation_model/infant_vs_caregiver/BRP_dataset.py:117: WavFileWarning: Chunk (non-data) not understood, skipping it.
  sr, waveform = wavfile.read(ecg_path)
/work/nvme/bebr/mkhan14/ecg_foundation_model/infant_vs_caregiver/BRP_dataset.py:117: WavFileWarning: Chunk (non-data) not understood, skipping it.
  sr, waveform = wavfile.read(ecg_path)
/work/nvme/bebr/mkhan14/ecg_foundation_model/infant_vs_caregiver/BRP_dataset.py:117: WavFileWarning: Chunk (non-data) not understood, skipping it.
  sr, waveform = wavfile.read(ecg_path)
/work/nvme/bebr/mkhan14/ecg_foundation_model/infant_vs_caregiver/BRP_dataset.py:117: WavFileWarning: Chunk (non-data) not understood, skipping it.
  sr, waveform = wavfile.read(ecg_path)
/work/nvme/bebr/mkhan14/ecg_foundation_model/infant_vs_caregiver/BRP_dataset.py:117: WavFileWarning: Chunk (non-data) not understood, skipping it.
  sr, waveform = wavfile.read(ecg_path)
/work/nvme/bebr/mkhan14/ecg_foundation_model/infant_vs_caregiver/BRP_dataset.py:117: WavFileWarning: Chunk (non-data) not understood, skipping it.
  sr, waveform = wavfile.read(ecg_path)
/work/nvme/bebr/mkhan14/ecg_foundation_model/infant_vs_caregiver/BRP_dataset.py:117: WavFileWarning: Chunk (non-data) not understood, skipping it.
  sr, waveform = wavfile.read(ecg_path)
/work/nvme/bebr/mkhan14/ecg_foundation_model/infant_vs_caregiver/BRP_dataset.py:117: WavFileWarning: Chunk (non-data) not understood, skipping it.
  sr, waveform = wavfile.read(ecg_path)
/work/nvme/bebr/mkhan14/ecg_foundation_model/infant_vs_caregiver/BRP_dataset.py:117: WavFileWarning: Chunk (non-data) not understood, skipping it.
  sr, waveform = wavfile.read(ecg_path)
/work/nvme/bebr/mkhan14/ecg_foundation_model/infant_vs_caregiver/BRP_dataset.py:117: WavFileWarning: Chunk (non-data) not understood, skipping it.
  sr, waveform = wavfile.read(ecg_path)
/work/nvme/bebr/mkhan14/ecg_foundation_model/infant_vs_caregiver/BRP_dataset.py:117: WavFileWarning: Chunk (non-data) not understood, skipping it.
  sr, waveform = wavfile.read(ecg_path)
/work/nvme/bebr/mkhan14/ecg_foundation_model/infant_vs_caregiver/BRP_dataset.py:117: WavFileWarning: Chunk (non-data) not understood, skipping it.
  sr, waveform = wavfile.read(ecg_path)
/work/nvme/bebr/mkhan14/ecg_foundation_model/infant_vs_caregiver/BRP_dataset.py:117: WavFileWarning: Chunk (non-data) not understood, skipping it.
  sr, waveform = wavfile.read(ecg_path)
/work/nvme/bebr/mkhan14/ecg_foundation_model/infant_vs_caregiver/BRP_dataset.py:117: WavFileWarning: Chunk (non-data) not understood, skipping it.
  sr, waveform = wavfile.read(ecg_path)
/work/nvme/bebr/mkhan14/ecg_foundation_model/infant_vs_caregiver/BRP_dataset.py:117: WavFileWarning: Chunk (non-data) not understood, skipping it.
  sr, waveform = wavfile.read(ecg_path)
/work/nvme/bebr/mkhan14/ecg_foundation_model/infant_vs_caregiver/BRP_dataset.py:117: WavFileWarning: Chunk (non-data) not understood, skipping it.
  sr, waveform = wavfile.read(ecg_path)
/work/nvme/bebr/mkhan14/ecg_foundation_model/infant_vs_caregiver/BRP_dataset.py:117: WavFileWarning: Chunk (non-data) not understood, skipping it.
  sr, waveform = wavfile.read(ecg_path)
/work/nvme/bebr/mkhan14/ecg_foundation_model/infant_vs_caregiver/BRP_dataset.py:117: WavFileWarning: Chunk (non-data) not understood, skipping it.
  sr, waveform = wavfile.read(ecg_path)
/work/nvme/bebr/mkhan14/ecg_foundation_model/infant_vs_caregiver/BRP_dataset.py:117: WavFileWarning: Chunk (non-data) not understood, skipping it.
  sr, waveform = wavfile.read(ecg_path)
/work/nvme/bebr/mkhan14/ecg_foundation_model/infant_vs_caregiver/BRP_dataset.py:117: WavFileWarning: Chunk (non-data) not understood, skipping it.
  sr, waveform = wavfile.read(ecg_path)
/work/nvme/bebr/mkhan14/ecg_foundation_model/infant_vs_caregiver/BRP_dataset.py:117: WavFileWarning: Chunk (non-data) not understood, skipping it.
  sr, waveform = wavfile.read(ecg_path)
/work/nvme/bebr/mkhan14/ecg_foundation_model/infant_vs_caregiver/BRP_dataset.py:117: WavFileWarning: Chunk (non-data) not understood, skipping it.
  sr, waveform = wavfile.read(ecg_path)
/work/nvme/bebr/mkhan14/ecg_foundation_model/infant_vs_caregiver/BRP_dataset.py:117: WavFileWarning: Chunk (non-data) not understood, skipping it.
  sr, waveform = wavfile.read(ecg_path)
/work/nvme/bebr/mkhan14/ecg_foundation_model/infant_vs_caregiver/BRP_dataset.py:117: WavFileWarning: Chunk (non-data) not understood, skipping it.
  sr, waveform = wavfile.read(ecg_path)
/work/nvme/bebr/mkhan14/ecg_foundation_model/infant_vs_caregiver/BRP_dataset.py:117: WavFileWarning: Chunk (non-data) not understood, skipping it.
  sr, waveform = wavfile.read(ecg_path)
/work/nvme/bebr/mkhan14/ecg_foundation_model/infant_vs_caregiver/BRP_dataset.py:117: WavFileWarning: Chunk (non-data) not understood, skipping it.
  sr, waveform = wavfile.read(ecg_path)
/work/nvme/bebr/mkhan14/ecg_foundation_model/infant_vs_caregiver/BRP_dataset.py:117: WavFileWarning: Chunk (non-data) not understood, skipping it.
  sr, waveform = wavfile.read(ecg_path)
/work/nvme/bebr/mkhan14/ecg_foundation_model/infant_vs_caregiver/BRP_dataset.py:117: WavFileWarning: Chunk (non-data) not understood, skipping it.
  sr, waveform = wavfile.read(ecg_path)
/work/nvme/bebr/mkhan14/ecg_foundation_model/infant_vs_caregiver/BRP_dataset.py:117: WavFileWarning: Chunk (non-data) not understood, skipping it.
  sr, waveform = wavfile.read(ecg_path)
/work/nvme/bebr/mkhan14/ecg_foundation_model/infant_vs_caregiver/BRP_dataset.py:117: WavFileWarning: Chunk (non-data) not understood, skipping it.
  sr, waveform = wavfile.read(ecg_path)
/work/nvme/bebr/mkhan14/ecg_foundation_model/infant_vs_caregiver/BRP_dataset.py:117: WavFileWarning: Chunk (non-data) not understood, skipping it.
  sr, waveform = wavfile.read(ecg_path)
/work/nvme/bebr/mkhan14/ecg_foundation_model/infant_vs_caregiver/BRP_dataset.py:117: WavFileWarning: Chunk (non-data) not understood, skipping it.
  sr, waveform = wavfile.read(ecg_path)
/work/nvme/bebr/mkhan14/ecg_foundation_model/infant_vs_caregiver/BRP_dataset.py:117: WavFileWarning: Chunk (non-data) not understood, skipping it.
  sr, waveform = wavfile.read(ecg_path)
/work/nvme/bebr/mkhan14/ecg_foundation_model/infant_vs_caregiver/BRP_dataset.py:117: WavFileWarning: Chunk (non-data) not understood, skipping it.
  sr, waveform = wavfile.read(ecg_path)
/work/nvme/bebr/mkhan14/ecg_foundation_model/infant_vs_caregiver/BRP_dataset.py:117: WavFileWarning: Chunk (non-data) not understood, skipping it.
  sr, waveform = wavfile.read(ecg_path)
/work/nvme/bebr/mkhan14/ecg_foundation_model/infant_vs_caregiver/BRP_dataset.py:117: WavFileWarning: Chunk (non-data) not understood, skipping it.
  sr, waveform = wavfile.read(ecg_path)
/work/nvme/bebr/mkhan14/ecg_foundation_model/infant_vs_caregiver/BRP_dataset.py:117: WavFileWarning: Chunk (non-data) not understood, skipping it.
  sr, waveform = wavfile.read(ecg_path)
/work/nvme/bebr/mkhan14/ecg_foundation_model/infant_vs_caregiver/BRP_dataset.py:117: WavFileWarning: Chunk (non-data) not understood, skipping it.
  sr, waveform = wavfile.read(ecg_path)
/work/nvme/bebr/mkhan14/ecg_foundation_model/infant_vs_caregiver/BRP_dataset.py:117: WavFileWarning: Chunk (non-data) not understood, skipping it.
  sr, waveform = wavfile.read(ecg_path)
/work/nvme/bebr/mkhan14/ecg_foundation_model/infant_vs_caregiver/BRP_dataset.py:117: WavFileWarning: Chunk (non-data) not understood, skipping it.
  sr, waveform = wavfile.read(ecg_path)
/work/nvme/bebr/mkhan14/ecg_foundation_model/infant_vs_caregiver/BRP_dataset.py:117: WavFileWarning: Chunk (non-data) not understood, skipping it.
  sr, waveform = wavfile.read(ecg_path)
/work/nvme/bebr/mkhan14/ecg_foundation_model/infant_vs_caregiver/BRP_dataset.py:117: WavFileWarning: Chunk (non-data) not understood, skipping it.
  sr, waveform = wavfile.read(ecg_path)
/work/nvme/bebr/mkhan14/ecg_foundation_model/infant_vs_caregiver/BRP_dataset.py:117: WavFileWarning: Chunk (non-data) not understood, skipping it.
  sr, waveform = wavfile.read(ecg_path)
/work/nvme/bebr/mkhan14/ecg_foundation_model/infant_vs_caregiver/BRP_dataset.py:117: WavFileWarning: Chunk (non-data) not understood, skipping it.
  sr, waveform = wavfile.read(ecg_path)
/work/nvme/bebr/mkhan14/ecg_foundation_model/infant_vs_caregiver/BRP_dataset.py:117: WavFileWarning: Chunk (non-data) not understood, skipping it.
  sr, waveform = wavfile.read(ecg_path)
/work/nvme/bebr/mkhan14/ecg_foundation_model/infant_vs_caregiver/BRP_dataset.py:117: WavFileWarning: Chunk (non-data) not understood, skipping it.
  sr, waveform = wavfile.read(ecg_path)
/work/nvme/bebr/mkhan14/ecg_foundation_model/infant_vs_caregiver/BRP_dataset.py:117: WavFileWarning: Chunk (non-data) not understood, skipping it.
  sr, waveform = wavfile.read(ecg_path)
/work/nvme/bebr/mkhan14/ecg_foundation_model/infant_vs_caregiver/BRP_dataset.py:117: WavFileWarning: Chunk (non-data) not understood, skipping it.
  sr, waveform = wavfile.read(ecg_path)
/work/nvme/bebr/mkhan14/ecg_foundation_model/infant_vs_caregiver/BRP_dataset.py:117: WavFileWarning: Chunk (non-data) not understood, skipping it.
  sr, waveform = wavfile.read(ecg_path)
/work/nvme/bebr/mkhan14/ecg_foundation_model/infant_vs_caregiver/BRP_dataset.py:117: WavFileWarning: Chunk (non-data) not understood, skipping it.
  sr, waveform = wavfile.read(ecg_path)
/work/nvme/bebr/mkhan14/ecg_foundation_model/infant_vs_caregiver/BRP_dataset.py:117: WavFileWarning: Chunk (non-data) not understood, skipping it.
  sr, waveform = wavfile.read(ecg_path)
/work/nvme/bebr/mkhan14/ecg_foundation_model/infant_vs_caregiver/BRP_dataset.py:117: WavFileWarning: Chunk (non-data) not understood, skipping it.
  sr, waveform = wavfile.read(ecg_path)
/work/nvme/bebr/mkhan14/ecg_foundation_model/infant_vs_caregiver/BRP_dataset.py:117: WavFileWarning: Chunk (non-data) not understood, skipping it.
  sr, waveform = wavfile.read(ecg_path)
/work/nvme/bebr/mkhan14/ecg_foundation_model/infant_vs_caregiver/BRP_dataset.py:117: WavFileWarning: Chunk (non-data) not understood, skipping it.
  sr, waveform = wavfile.read(ecg_path)
/work/nvme/bebr/mkhan14/ecg_foundation_model/infant_vs_caregiver/BRP_dataset.py:117: WavFileWarning: Chunk (non-data) not understood, skipping it.
  sr, waveform = wavfile.read(ecg_path)
/work/nvme/bebr/mkhan14/ecg_foundation_model/infant_vs_caregiver/BRP_dataset.py:117: WavFileWarning: Chunk (non-data) not understood, skipping it.
  sr, waveform = wavfile.read(ecg_path)
/work/nvme/bebr/mkhan14/ecg_foundation_model/infant_vs_caregiver/BRP_dataset.py:117: WavFileWarning: Chunk (non-data) not understood, skipping it.
  sr, waveform = wavfile.read(ecg_path)
/work/nvme/bebr/mkhan14/ecg_foundation_model/infant_vs_caregiver/BRP_dataset.py:117: WavFileWarning: Chunk (non-data) not understood, skipping it.
  sr, waveform = wavfile.read(ecg_path)
/work/nvme/bebr/mkhan14/ecg_foundation_model/infant_vs_caregiver/BRP_dataset.py:117: WavFileWarning: Chunk (non-data) not understood, skipping it.
  sr, waveform = wavfile.read(ecg_path)
/work/nvme/bebr/mkhan14/ecg_foundation_model/infant_vs_caregiver/BRP_dataset.py:117: WavFileWarning: Chunk (non-data) not understood, skipping it.
  sr, waveform = wavfile.read(ecg_path)
/work/nvme/bebr/mkhan14/ecg_foundation_model/infant_vs_caregiver/BRP_dataset.py:117: WavFileWarning: Chunk (non-data) not understood, skipping it.
  sr, waveform = wavfile.read(ecg_path)
/work/nvme/bebr/mkhan14/ecg_foundation_model/infant_vs_caregiver/BRP_dataset.py:117: WavFileWarning: Chunk (non-data) not understood, skipping it.
  sr, waveform = wavfile.read(ecg_path)
/work/nvme/bebr/mkhan14/ecg_foundation_model/infant_vs_caregiver/BRP_dataset.py:117: WavFileWarning: Chunk (non-data) not understood, skipping it.
  sr, waveform = wavfile.read(ecg_path)
/work/nvme/bebr/mkhan14/ecg_foundation_model/infant_vs_caregiver/BRP_dataset.py:117: WavFileWarning: Chunk (non-data) not understood, skipping it.
  sr, waveform = wavfile.read(ecg_path)
/work/nvme/bebr/mkhan14/ecg_foundation_model/infant_vs_caregiver/BRP_dataset.py:117: WavFileWarning: Chunk (non-data) not understood, skipping it.
  sr, waveform = wavfile.read(ecg_path)
/work/nvme/bebr/mkhan14/ecg_foundation_model/infant_vs_caregiver/BRP_dataset.py:117: WavFileWarning: Chunk (non-data) not understood, skipping it.
  sr, waveform = wavfile.read(ecg_path)
/work/nvme/bebr/mkhan14/ecg_foundation_model/infant_vs_caregiver/BRP_dataset.py:117: WavFileWarning: Chunk (non-data) not understood, skipping it.
  sr, waveform = wavfile.read(ecg_path)
/work/nvme/bebr/mkhan14/ecg_foundation_model/infant_vs_caregiver/BRP_dataset.py:117: WavFileWarning: Chunk (non-data) not understood, skipping it.
  sr, waveform = wavfile.read(ecg_path)
/work/nvme/bebr/mkhan14/ecg_foundation_model/infant_vs_caregiver/BRP_dataset.py:117: WavFileWarning: Chunk (non-data) not understood, skipping it.
  sr, waveform = wavfile.read(ecg_path)
/work/nvme/bebr/mkhan14/ecg_foundation_model/infant_vs_caregiver/BRP_dataset.py:117: WavFileWarning: Chunk (non-data) not understood, skipping it.
  sr, waveform = wavfile.read(ecg_path)
/work/nvme/bebr/mkhan14/ecg_foundation_model/infant_vs_caregiver/BRP_dataset.py:117: WavFileWarning: Chunk (non-data) not understood, skipping it.
  sr, waveform = wavfile.read(ecg_path)
/work/nvme/bebr/mkhan14/ecg_foundation_model/infant_vs_caregiver/BRP_dataset.py:117: WavFileWarning: Chunk (non-data) not understood, skipping it.
  sr, waveform = wavfile.read(ecg_path)
/work/nvme/bebr/mkhan14/ecg_foundation_model/infant_vs_caregiver/BRP_dataset.py:117: WavFileWarning: Chunk (non-data) not understood, skipping it.
  sr, waveform = wavfile.read(ecg_path)
/work/nvme/bebr/mkhan14/ecg_foundation_model/infant_vs_caregiver/BRP_dataset.py:117: WavFileWarning: Chunk (non-data) not understood, skipping it.
  sr, waveform = wavfile.read(ecg_path)
/work/nvme/bebr/mkhan14/ecg_foundation_model/infant_vs_caregiver/BRP_dataset.py:117: WavFileWarning: Chunk (non-data) not understood, skipping it.
  sr, waveform = wavfile.read(ecg_path)
/work/nvme/bebr/mkhan14/ecg_foundation_model/infant_vs_caregiver/BRP_dataset.py:117: WavFileWarning: Chunk (non-data) not understood, skipping it.
  sr, waveform = wavfile.read(ecg_path)
/work/nvme/bebr/mkhan14/ecg_foundation_model/infant_vs_caregiver/BRP_dataset.py:117: WavFileWarning: Chunk (non-data) not understood, skipping it.
  sr, waveform = wavfile.read(ecg_path)
/work/nvme/bebr/mkhan14/ecg_foundation_model/infant_vs_caregiver/BRP_dataset.py:117: WavFileWarning: Chunk (non-data) not understood, skipping it.
  sr, waveform = wavfile.read(ecg_path)
/work/nvme/bebr/mkhan14/ecg_foundation_model/infant_vs_caregiver/BRP_dataset.py:117: WavFileWarning: Chunk (non-data) not understood, skipping it.
  sr, waveform = wavfile.read(ecg_path)
/work/nvme/bebr/mkhan14/ecg_foundation_model/infant_vs_caregiver/BRP_dataset.py:117: WavFileWarning: Chunk (non-data) not understood, skipping it.
  sr, waveform = wavfile.read(ecg_path)
/work/nvme/bebr/mkhan14/ecg_foundation_model/infant_vs_caregiver/BRP_dataset.py:117: WavFileWarning: Chunk (non-data) not understood, skipping it.
  sr, waveform = wavfile.read(ecg_path)
/work/nvme/bebr/mkhan14/ecg_foundation_model/infant_vs_caregiver/BRP_dataset.py:117: WavFileWarning: Chunk (non-data) not understood, skipping it.
  sr, waveform = wavfile.read(ecg_path)
/work/nvme/bebr/mkhan14/ecg_foundation_model/infant_vs_caregiver/BRP_dataset.py:117: WavFileWarning: Chunk (non-data) not understood, skipping it.
  sr, waveform = wavfile.read(ecg_path)
/work/nvme/bebr/mkhan14/ecg_foundation_model/infant_vs_caregiver/BRP_dataset.py:117: WavFileWarning: Chunk (non-data) not understood, skipping it.
  sr, waveform = wavfile.read(ecg_path)
/work/nvme/bebr/mkhan14/ecg_foundation_model/infant_vs_caregiver/BRP_dataset.py:117: WavFileWarning: Chunk (non-data) not understood, skipping it.
  sr, waveform = wavfile.read(ecg_path)
/work/nvme/bebr/mkhan14/ecg_foundation_model/infant_vs_caregiver/BRP_dataset.py:117: WavFileWarning: Chunk (non-data) not understood, skipping it.
  sr, waveform = wavfile.read(ecg_path)
/work/nvme/bebr/mkhan14/ecg_foundation_model/infant_vs_caregiver/BRP_dataset.py:117: WavFileWarning: Chunk (non-data) not understood, skipping it.
  sr, waveform = wavfile.read(ecg_path)
/work/nvme/bebr/mkhan14/ecg_foundation_model/infant_vs_caregiver/BRP_dataset.py:117: WavFileWarning: Chunk (non-data) not understood, skipping it.
  sr, waveform = wavfile.read(ecg_path)
/work/nvme/bebr/mkhan14/ecg_foundation_model/infant_vs_caregiver/BRP_dataset.py:117: WavFileWarning: Chunk (non-data) not understood, skipping it.
  sr, waveform = wavfile.read(ecg_path)
/work/nvme/bebr/mkhan14/ecg_foundation_model/infant_vs_caregiver/BRP_dataset.py:117: WavFileWarning: Chunk (non-data) not understood, skipping it.
  sr, waveform = wavfile.read(ecg_path)
/work/nvme/bebr/mkhan14/ecg_foundation_model/infant_vs_caregiver/BRP_dataset.py:117: WavFileWarning: Chunk (non-data) not understood, skipping it.
  sr, waveform = wavfile.read(ecg_path)
/work/nvme/bebr/mkhan14/ecg_foundation_model/infant_vs_caregiver/BRP_dataset.py:117: WavFileWarning: Chunk (non-data) not understood, skipping it.
  sr, waveform = wavfile.read(ecg_path)
/work/nvme/bebr/mkhan14/ecg_foundation_model/infant_vs_caregiver/BRP_dataset.py:117: WavFileWarning: Chunk (non-data) not understood, skipping it.
  sr, waveform = wavfile.read(ecg_path)
/work/nvme/bebr/mkhan14/ecg_foundation_model/infant_vs_caregiver/BRP_dataset.py:117: WavFileWarning: Chunk (non-data) not understood, skipping it.
  sr, waveform = wavfile.read(ecg_path)
/work/nvme/bebr/mkhan14/ecg_foundation_model/infant_vs_caregiver/BRP_dataset.py:117: WavFileWarning: Chunk (non-data) not understood, skipping it.
  sr, waveform = wavfile.read(ecg_path)
/work/nvme/bebr/mkhan14/ecg_foundation_model/infant_vs_caregiver/BRP_dataset.py:117: WavFileWarning: Chunk (non-data) not understood, skipping it.
  sr, waveform = wavfile.read(ecg_path)
/work/nvme/bebr/mkhan14/ecg_foundation_model/infant_vs_caregiver/BRP_dataset.py:117: WavFileWarning: Chunk (non-data) not understood, skipping it.
  sr, waveform = wavfile.read(ecg_path)
/work/nvme/bebr/mkhan14/ecg_foundation_model/infant_vs_caregiver/BRP_dataset.py:117: WavFileWarning: Chunk (non-data) not understood, skipping it.
  sr, waveform = wavfile.read(ecg_path)
/work/nvme/bebr/mkhan14/ecg_foundation_model/infant_vs_caregiver/BRP_dataset.py:117: WavFileWarning: Chunk (non-data) not understood, skipping it.
  sr, waveform = wavfile.read(ecg_path)
/work/nvme/bebr/mkhan14/ecg_foundation_model/infant_vs_caregiver/BRP_dataset.py:117: WavFileWarning: Chunk (non-data) not understood, skipping it.
  sr, waveform = wavfile.read(ecg_path)
/work/nvme/bebr/mkhan14/ecg_foundation_model/infant_vs_caregiver/BRP_dataset.py:117: WavFileWarning: Chunk (non-data) not understood, skipping it.
  sr, waveform = wavfile.read(ecg_path)
/work/nvme/bebr/mkhan14/ecg_foundation_model/infant_vs_caregiver/BRP_dataset.py:117: WavFileWarning: Chunk (non-data) not understood, skipping it.
  sr, waveform = wavfile.read(ecg_path)
/work/nvme/bebr/mkhan14/ecg_foundation_model/infant_vs_caregiver/BRP_dataset.py:117: WavFileWarning: Chunk (non-data) not understood, skipping it.
  sr, waveform = wavfile.read(ecg_path)
/work/nvme/bebr/mkhan14/ecg_foundation_model/infant_vs_caregiver/BRP_dataset.py:117: WavFileWarning: Chunk (non-data) not understood, skipping it.
  sr, waveform = wavfile.read(ecg_path)
/work/nvme/bebr/mkhan14/ecg_foundation_model/infant_vs_caregiver/BRP_dataset.py:117: WavFileWarning: Chunk (non-data) not understood, skipping it.
  sr, waveform = wavfile.read(ecg_path)
/work/nvme/bebr/mkhan14/ecg_foundation_model/infant_vs_caregiver/BRP_dataset.py:117: WavFileWarning: Chunk (non-data) not understood, skipping it.
  sr, waveform = wavfile.read(ecg_path)
/work/nvme/bebr/mkhan14/ecg_foundation_model/infant_vs_caregiver/BRP_dataset.py:117: WavFileWarning: Chunk (non-data) not understood, skipping it.
  sr, waveform = wavfile.read(ecg_path)
/work/nvme/bebr/mkhan14/ecg_foundation_model/infant_vs_caregiver/BRP_dataset.py:117: WavFileWarning: Chunk (non-data) not understood, skipping it.
  sr, waveform = wavfile.read(ecg_path)
/work/nvme/bebr/mkhan14/ecg_foundation_model/infant_vs_caregiver/BRP_dataset.py:117: WavFileWarning: Chunk (non-data) not understood, skipping it.
  sr, waveform = wavfile.read(ecg_path)
/work/nvme/bebr/mkhan14/ecg_foundation_model/infant_vs_caregiver/BRP_dataset.py:117: WavFileWarning: Chunk (non-data) not understood, skipping it.
  sr, waveform = wavfile.read(ecg_path)
/work/nvme/bebr/mkhan14/ecg_foundation_model/infant_vs_caregiver/BRP_dataset.py:117: WavFileWarning: Chunk (non-data) not understood, skipping it.
  sr, waveform = wavfile.read(ecg_path)
/work/nvme/bebr/mkhan14/ecg_foundation_model/infant_vs_caregiver/BRP_dataset.py:117: WavFileWarning: Chunk (non-data) not understood, skipping it.
  sr, waveform = wavfile.read(ecg_path)
/work/nvme/bebr/mkhan14/ecg_foundation_model/infant_vs_caregiver/BRP_dataset.py:117: WavFileWarning: Chunk (non-data) not understood, skipping it.
  sr, waveform = wavfile.read(ecg_path)
/work/nvme/bebr/mkhan14/ecg_foundation_model/infant_vs_caregiver/BRP_dataset.py:117: WavFileWarning: Chunk (non-data) not understood, skipping it.
  sr, waveform = wavfile.read(ecg_path)
/work/nvme/bebr/mkhan14/ecg_foundation_model/infant_vs_caregiver/BRP_dataset.py:117: WavFileWarning: Chunk (non-data) not understood, skipping it.
  sr, waveform = wavfile.read(ecg_path)
/work/nvme/bebr/mkhan14/ecg_foundation_model/infant_vs_caregiver/BRP_dataset.py:117: WavFileWarning: Chunk (non-data) not understood, skipping it.
  sr, waveform = wavfile.read(ecg_path)
/work/nvme/bebr/mkhan14/ecg_foundation_model/infant_vs_caregiver/BRP_dataset.py:117: WavFileWarning: Chunk (non-data) not understood, skipping it.
  sr, waveform = wavfile.read(ecg_path)
/work/nvme/bebr/mkhan14/ecg_foundation_model/infant_vs_caregiver/BRP_dataset.py:117: WavFileWarning: Chunk (non-data) not understood, skipping it.
  sr, waveform = wavfile.read(ecg_path)
/work/nvme/bebr/mkhan14/ecg_foundation_model/infant_vs_caregiver/BRP_dataset.py:117: WavFileWarning: Chunk (non-data) not understood, skipping it.
  sr, waveform = wavfile.read(ecg_path)
/work/nvme/bebr/mkhan14/ecg_foundation_model/infant_vs_caregiver/BRP_dataset.py:117: WavFileWarning: Chunk (non-data) not understood, skipping it.
  sr, waveform = wavfile.read(ecg_path)
/work/nvme/bebr/mkhan14/ecg_foundation_model/infant_vs_caregiver/BRP_dataset.py:117: WavFileWarning: Chunk (non-data) not understood, skipping it.
  sr, waveform = wavfile.read(ecg_path)
/work/nvme/bebr/mkhan14/ecg_foundation_model/infant_vs_caregiver/BRP_dataset.py:117: WavFileWarning: Chunk (non-data) not understood, skipping it.
  sr, waveform = wavfile.read(ecg_path)
/work/nvme/bebr/mkhan14/ecg_foundation_model/infant_vs_caregiver/BRP_dataset.py:117: WavFileWarning: Chunk (non-data) not understood, skipping it.
  sr, waveform = wavfile.read(ecg_path)
/work/nvme/bebr/mkhan14/ecg_foundation_model/infant_vs_caregiver/BRP_dataset.py:117: WavFileWarning: Chunk (non-data) not understood, skipping it.
  sr, waveform = wavfile.read(ecg_path)
/work/nvme/bebr/mkhan14/ecg_foundation_model/infant_vs_caregiver/BRP_dataset.py:117: WavFileWarning: Chunk (non-data) not understood, skipping it.
  sr, waveform = wavfile.read(ecg_path)
/work/nvme/bebr/mkhan14/ecg_foundation_model/infant_vs_caregiver/BRP_dataset.py:117: WavFileWarning: Chunk (non-data) not understood, skipping it.
  sr, waveform = wavfile.read(ecg_path)
/work/nvme/bebr/mkhan14/ecg_foundation_model/infant_vs_caregiver/BRP_dataset.py:117: WavFileWarning: Chunk (non-data) not understood, skipping it.
  sr, waveform = wavfile.read(ecg_path)
/work/nvme/bebr/mkhan14/ecg_foundation_model/infant_vs_caregiver/BRP_dataset.py:117: WavFileWarning: Chunk (non-data) not understood, skipping it.
  sr, waveform = wavfile.read(ecg_path)
/work/nvme/bebr/mkhan14/ecg_foundation_model/infant_vs_caregiver/BRP_dataset.py:117: WavFileWarning: Chunk (non-data) not understood, skipping it.
  sr, waveform = wavfile.read(ecg_path)
/work/nvme/bebr/mkhan14/ecg_foundation_model/infant_vs_caregiver/BRP_dataset.py:117: WavFileWarning: Chunk (non-data) not understood, skipping it.
  sr, waveform = wavfile.read(ecg_path)
/work/nvme/bebr/mkhan14/ecg_foundation_model/infant_vs_caregiver/BRP_dataset.py:117: WavFileWarning: Chunk (non-data) not understood, skipping it.
  sr, waveform = wavfile.read(ecg_path)
/work/nvme/bebr/mkhan14/ecg_foundation_model/infant_vs_caregiver/BRP_dataset.py:117: WavFileWarning: Chunk (non-data) not understood, skipping it.
  sr, waveform = wavfile.read(ecg_path)
/work/nvme/bebr/mkhan14/ecg_foundation_model/infant_vs_caregiver/BRP_dataset.py:117: WavFileWarning: Chunk (non-data) not understood, skipping it.
  sr, waveform = wavfile.read(ecg_path)
/work/nvme/bebr/mkhan14/ecg_foundation_model/infant_vs_caregiver/BRP_dataset.py:117: WavFileWarning: Chunk (non-data) not understood, skipping it.
  sr, waveform = wavfile.read(ecg_path)
/work/nvme/bebr/mkhan14/ecg_foundation_model/infant_vs_caregiver/BRP_dataset.py:117: WavFileWarning: Chunk (non-data) not understood, skipping it.
  sr, waveform = wavfile.read(ecg_path)
/work/nvme/bebr/mkhan14/ecg_foundation_model/infant_vs_caregiver/BRP_dataset.py:117: WavFileWarning: Chunk (non-data) not understood, skipping it.
  sr, waveform = wavfile.read(ecg_path)
/work/nvme/bebr/mkhan14/ecg_foundation_model/infant_vs_caregiver/BRP_dataset.py:117: WavFileWarning: Chunk (non-data) not understood, skipping it.
  sr, waveform = wavfile.read(ecg_path)
/work/nvme/bebr/mkhan14/ecg_foundation_model/infant_vs_caregiver/BRP_dataset.py:117: WavFileWarning: Chunk (non-data) not understood, skipping it.
  sr, waveform = wavfile.read(ecg_path)
/work/nvme/bebr/mkhan14/ecg_foundation_model/infant_vs_caregiver/BRP_dataset.py:117: WavFileWarning: Chunk (non-data) not understood, skipping it.
  sr, waveform = wavfile.read(ecg_path)
/work/nvme/bebr/mkhan14/ecg_foundation_model/infant_vs_caregiver/BRP_dataset.py:117: WavFileWarning: Chunk (non-data) not understood, skipping it.
  sr, waveform = wavfile.read(ecg_path)
/work/nvme/bebr/mkhan14/ecg_foundation_model/infant_vs_caregiver/BRP_dataset.py:117: WavFileWarning: Chunk (non-data) not understood, skipping it.
  sr, waveform = wavfile.read(ecg_path)
/work/nvme/bebr/mkhan14/ecg_foundation_model/infant_vs_caregiver/BRP_dataset.py:117: WavFileWarning: Chunk (non-data) not understood, skipping it.
  sr, waveform = wavfile.read(ecg_path)
/work/nvme/bebr/mkhan14/ecg_foundation_model/infant_vs_caregiver/BRP_dataset.py:117: WavFileWarning: Chunk (non-data) not understood, skipping it.
  sr, waveform = wavfile.read(ecg_path)
/work/nvme/bebr/mkhan14/ecg_foundation_model/infant_vs_caregiver/BRP_dataset.py:117: WavFileWarning: Chunk (non-data) not understood, skipping it.
  sr, waveform = wavfile.read(ecg_path)
/work/nvme/bebr/mkhan14/ecg_foundation_model/infant_vs_caregiver/BRP_dataset.py:117: WavFileWarning: Chunk (non-data) not understood, skipping it.
  sr, waveform = wavfile.read(ecg_path)
/work/nvme/bebr/mkhan14/ecg_foundation_model/infant_vs_caregiver/BRP_dataset.py:117: WavFileWarning: Chunk (non-data) not understood, skipping it.
  sr, waveform = wavfile.read(ecg_path)
/work/nvme/bebr/mkhan14/ecg_foundation_model/infant_vs_caregiver/BRP_dataset.py:117: WavFileWarning: Chunk (non-data) not understood, skipping it.
  sr, waveform = wavfile.read(ecg_path)
/work/nvme/bebr/mkhan14/ecg_foundation_model/infant_vs_caregiver/BRP_dataset.py:117: WavFileWarning: Chunk (non-data) not understood, skipping it.
  sr, waveform = wavfile.read(ecg_path)
/work/nvme/bebr/mkhan14/ecg_foundation_model/infant_vs_caregiver/BRP_dataset.py:117: WavFileWarning: Chunk (non-data) not understood, skipping it.
  sr, waveform = wavfile.read(ecg_path)
/work/nvme/bebr/mkhan14/ecg_foundation_model/infant_vs_caregiver/BRP_dataset.py:117: WavFileWarning: Chunk (non-data) not understood, skipping it.
  sr, waveform = wavfile.read(ecg_path)
/work/nvme/bebr/mkhan14/ecg_foundation_model/infant_vs_caregiver/BRP_dataset.py:117: WavFileWarning: Chunk (non-data) not understood, skipping it.
  sr, waveform = wavfile.read(ecg_path)
/work/nvme/bebr/mkhan14/ecg_foundation_model/infant_vs_caregiver/BRP_dataset.py:117: WavFileWarning: Chunk (non-data) not understood, skipping it.
  sr, waveform = wavfile.read(ecg_path)
/work/nvme/bebr/mkhan14/ecg_foundation_model/infant_vs_caregiver/BRP_dataset.py:117: WavFileWarning: Chunk (non-data) not understood, skipping it.
  sr, waveform = wavfile.read(ecg_path)
/work/nvme/bebr/mkhan14/ecg_foundation_model/infant_vs_caregiver/BRP_dataset.py:117: WavFileWarning: Chunk (non-data) not understood, skipping it.
  sr, waveform = wavfile.read(ecg_path)
/work/nvme/bebr/mkhan14/ecg_foundation_model/infant_vs_caregiver/BRP_dataset.py:117: WavFileWarning: Chunk (non-data) not understood, skipping it.
  sr, waveform = wavfile.read(ecg_path)
/work/nvme/bebr/mkhan14/ecg_foundation_model/infant_vs_caregiver/BRP_dataset.py:117: WavFileWarning: Chunk (non-data) not understood, skipping it.
  sr, waveform = wavfile.read(ecg_path)
/work/nvme/bebr/mkhan14/ecg_foundation_model/infant_vs_caregiver/BRP_dataset.py:117: WavFileWarning: Chunk (non-data) not understood, skipping it.
  sr, waveform = wavfile.read(ecg_path)
/work/nvme/bebr/mkhan14/ecg_foundation_model/infant_vs_caregiver/BRP_dataset.py:117: WavFileWarning: Chunk (non-data) not understood, skipping it.
  sr, waveform = wavfile.read(ecg_path)
/work/nvme/bebr/mkhan14/ecg_foundation_model/infant_vs_caregiver/BRP_dataset.py:117: WavFileWarning: Chunk (non-data) not understood, skipping it.
  sr, waveform = wavfile.read(ecg_path)
/work/nvme/bebr/mkhan14/ecg_foundation_model/infant_vs_caregiver/BRP_dataset.py:117: WavFileWarning: Chunk (non-data) not understood, skipping it.
  sr, waveform = wavfile.read(ecg_path)
/work/nvme/bebr/mkhan14/ecg_foundation_model/infant_vs_caregiver/BRP_dataset.py:117: WavFileWarning: Chunk (non-data) not understood, skipping it.
  sr, waveform = wavfile.read(ecg_path)
/work/nvme/bebr/mkhan14/ecg_foundation_model/infant_vs_caregiver/BRP_dataset.py:117: WavFileWarning: Chunk (non-data) not understood, skipping it.
  sr, waveform = wavfile.read(ecg_path)
/work/nvme/bebr/mkhan14/ecg_foundation_model/infant_vs_caregiver/BRP_dataset.py:117: WavFileWarning: Chunk (non-data) not understood, skipping it.
  sr, waveform = wavfile.read(ecg_path)
/work/nvme/bebr/mkhan14/ecg_foundation_model/infant_vs_caregiver/BRP_dataset.py:117: WavFileWarning: Chunk (non-data) not understood, skipping it.
  sr, waveform = wavfile.read(ecg_path)
/work/nvme/bebr/mkhan14/ecg_foundation_model/infant_vs_caregiver/BRP_dataset.py:117: WavFileWarning: Chunk (non-data) not understood, skipping it.
  sr, waveform = wavfile.read(ecg_path)
/work/nvme/bebr/mkhan14/ecg_foundation_model/infant_vs_caregiver/BRP_dataset.py:117: WavFileWarning: Chunk (non-data) not understood, skipping it.
  sr, waveform = wavfile.read(ecg_path)
/work/nvme/bebr/mkhan14/ecg_foundation_model/infant_vs_caregiver/BRP_dataset.py:117: WavFileWarning: Chunk (non-data) not understood, skipping it.
  sr, waveform = wavfile.read(ecg_path)
/work/nvme/bebr/mkhan14/ecg_foundation_model/infant_vs_caregiver/BRP_dataset.py:117: WavFileWarning: Chunk (non-data) not understood, skipping it.
  sr, waveform = wavfile.read(ecg_path)
/work/nvme/bebr/mkhan14/ecg_foundation_model/infant_vs_caregiver/BRP_dataset.py:117: WavFileWarning: Chunk (non-data) not understood, skipping it.
  sr, waveform = wavfile.read(ecg_path)
/work/nvme/bebr/mkhan14/ecg_foundation_model/infant_vs_caregiver/BRP_dataset.py:117: WavFileWarning: Chunk (non-data) not understood, skipping it.
  sr, waveform = wavfile.read(ecg_path)
/work/nvme/bebr/mkhan14/ecg_foundation_model/infant_vs_caregiver/BRP_dataset.py:117: WavFileWarning: Chunk (non-data) not understood, skipping it.
  sr, waveform = wavfile.read(ecg_path)
/work/nvme/bebr/mkhan14/ecg_foundation_model/infant_vs_caregiver/BRP_dataset.py:117: WavFileWarning: Chunk (non-data) not understood, skipping it.
  sr, waveform = wavfile.read(ecg_path)
/work/nvme/bebr/mkhan14/ecg_foundation_model/infant_vs_caregiver/BRP_dataset.py:117: WavFileWarning: Chunk (non-data) not understood, skipping it.
  sr, waveform = wavfile.read(ecg_path)
/work/nvme/bebr/mkhan14/ecg_foundation_model/infant_vs_caregiver/BRP_dataset.py:117: WavFileWarning: Chunk (non-data) not understood, skipping it.
  sr, waveform = wavfile.read(ecg_path)
/work/nvme/bebr/mkhan14/ecg_foundation_model/infant_vs_caregiver/BRP_dataset.py:117: WavFileWarning: Chunk (non-data) not understood, skipping it.
  sr, waveform = wavfile.read(ecg_path)
/work/nvme/bebr/mkhan14/ecg_foundation_model/infant_vs_caregiver/BRP_dataset.py:117: WavFileWarning: Chunk (non-data) not understood, skipping it.
  sr, waveform = wavfile.read(ecg_path)
/work/nvme/bebr/mkhan14/ecg_foundation_model/infant_vs_caregiver/BRP_dataset.py:117: WavFileWarning: Chunk (non-data) not understood, skipping it.
  sr, waveform = wavfile.read(ecg_path)
/work/nvme/bebr/mkhan14/ecg_foundation_model/infant_vs_caregiver/BRP_dataset.py:117: WavFileWarning: Chunk (non-data) not understood, skipping it.
  sr, waveform = wavfile.read(ecg_path)
/work/nvme/bebr/mkhan14/ecg_foundation_model/infant_vs_caregiver/BRP_dataset.py:117: WavFileWarning: Chunk (non-data) not understood, skipping it.
  sr, waveform = wavfile.read(ecg_path)
/work/nvme/bebr/mkhan14/ecg_foundation_model/infant_vs_caregiver/BRP_dataset.py:117: WavFileWarning: Chunk (non-data) not understood, skipping it.
  sr, waveform = wavfile.read(ecg_path)
/work/nvme/bebr/mkhan14/ecg_foundation_model/infant_vs_caregiver/BRP_dataset.py:117: WavFileWarning: Chunk (non-data) not understood, skipping it.
  sr, waveform = wavfile.read(ecg_path)
/work/nvme/bebr/mkhan14/ecg_foundation_model/infant_vs_caregiver/BRP_dataset.py:117: WavFileWarning: Chunk (non-data) not understood, skipping it.
  sr, waveform = wavfile.read(ecg_path)
/work/nvme/bebr/mkhan14/ecg_foundation_model/infant_vs_caregiver/BRP_dataset.py:117: WavFileWarning: Chunk (non-data) not understood, skipping it.
  sr, waveform = wavfile.read(ecg_path)
/work/nvme/bebr/mkhan14/ecg_foundation_model/infant_vs_caregiver/BRP_dataset.py:117: WavFileWarning: Chunk (non-data) not understood, skipping it.
  sr, waveform = wavfile.read(ecg_path)
/work/nvme/bebr/mkhan14/ecg_foundation_model/infant_vs_caregiver/BRP_dataset.py:117: WavFileWarning: Chunk (non-data) not understood, skipping it.
  sr, waveform = wavfile.read(ecg_path)
/work/nvme/bebr/mkhan14/ecg_foundation_model/infant_vs_caregiver/BRP_dataset.py:117: WavFileWarning: Chunk (non-data) not understood, skipping it.
  sr, waveform = wavfile.read(ecg_path)
/work/nvme/bebr/mkhan14/ecg_foundation_model/infant_vs_caregiver/BRP_dataset.py:117: WavFileWarning: Chunk (non-data) not understood, skipping it.
  sr, waveform = wavfile.read(ecg_path)
/work/nvme/bebr/mkhan14/ecg_foundation_model/infant_vs_caregiver/BRP_dataset.py:117: WavFileWarning: Chunk (non-data) not understood, skipping it.
  sr, waveform = wavfile.read(ecg_path)
/work/nvme/bebr/mkhan14/ecg_foundation_model/infant_vs_caregiver/BRP_dataset.py:117: WavFileWarning: Chunk (non-data) not understood, skipping it.
  sr, waveform = wavfile.read(ecg_path)
/work/nvme/bebr/mkhan14/ecg_foundation_model/infant_vs_caregiver/BRP_dataset.py:117: WavFileWarning: Chunk (non-data) not understood, skipping it.
  sr, waveform = wavfile.read(ecg_path)
/work/nvme/bebr/mkhan14/ecg_foundation_model/infant_vs_caregiver/BRP_dataset.py:117: WavFileWarning: Chunk (non-data) not understood, skipping it.
  sr, waveform = wavfile.read(ecg_path)
/work/nvme/bebr/mkhan14/ecg_foundation_model/infant_vs_caregiver/BRP_dataset.py:117: WavFileWarning: Chunk (non-data) not understood, skipping it.
  sr, waveform = wavfile.read(ecg_path)
/work/nvme/bebr/mkhan14/ecg_foundation_model/infant_vs_caregiver/BRP_dataset.py:117: WavFileWarning: Chunk (non-data) not understood, skipping it.
  sr, waveform = wavfile.read(ecg_path)
/work/nvme/bebr/mkhan14/ecg_foundation_model/infant_vs_caregiver/BRP_dataset.py:117: WavFileWarning: Chunk (non-data) not understood, skipping it.
  sr, waveform = wavfile.read(ecg_path)
/work/nvme/bebr/mkhan14/ecg_foundation_model/infant_vs_caregiver/BRP_dataset.py:117: WavFileWarning: Chunk (non-data) not understood, skipping it.
  sr, waveform = wavfile.read(ecg_path)
/work/nvme/bebr/mkhan14/ecg_foundation_model/infant_vs_caregiver/BRP_dataset.py:117: WavFileWarning: Chunk (non-data) not understood, skipping it.
  sr, waveform = wavfile.read(ecg_path)
/work/nvme/bebr/mkhan14/ecg_foundation_model/infant_vs_caregiver/BRP_dataset.py:117: WavFileWarning: Chunk (non-data) not understood, skipping it.
  sr, waveform = wavfile.read(ecg_path)
/work/nvme/bebr/mkhan14/ecg_foundation_model/infant_vs_caregiver/BRP_dataset.py:117: WavFileWarning: Chunk (non-data) not understood, skipping it.
  sr, waveform = wavfile.read(ecg_path)
/work/nvme/bebr/mkhan14/ecg_foundation_model/infant_vs_caregiver/BRP_dataset.py:117: WavFileWarning: Chunk (non-data) not understood, skipping it.
  sr, waveform = wavfile.read(ecg_path)
/work/nvme/bebr/mkhan14/ecg_foundation_model/infant_vs_caregiver/BRP_dataset.py:117: WavFileWarning: Chunk (non-data) not understood, skipping it.
  sr, waveform = wavfile.read(ecg_path)
/work/nvme/bebr/mkhan14/ecg_foundation_model/infant_vs_caregiver/BRP_dataset.py:117: WavFileWarning: Chunk (non-data) not understood, skipping it.
  sr, waveform = wavfile.read(ecg_path)
/work/nvme/bebr/mkhan14/ecg_foundation_model/infant_vs_caregiver/BRP_dataset.py:117: WavFileWarning: Chunk (non-data) not understood, skipping it.
  sr, waveform = wavfile.read(ecg_path)
/work/nvme/bebr/mkhan14/ecg_foundation_model/infant_vs_caregiver/BRP_dataset.py:117: WavFileWarning: Chunk (non-data) not understood, skipping it.
  sr, waveform = wavfile.read(ecg_path)
/work/nvme/bebr/mkhan14/ecg_foundation_model/infant_vs_caregiver/BRP_dataset.py:117: WavFileWarning: Chunk (non-data) not understood, skipping it.
  sr, waveform = wavfile.read(ecg_path)
/work/nvme/bebr/mkhan14/ecg_foundation_model/infant_vs_caregiver/BRP_dataset.py:117: WavFileWarning: Chunk (non-data) not understood, skipping it.
  sr, waveform = wavfile.read(ecg_path)
/work/nvme/bebr/mkhan14/ecg_foundation_model/infant_vs_caregiver/BRP_dataset.py:117: WavFileWarning: Chunk (non-data) not understood, skipping it.
  sr, waveform = wavfile.read(ecg_path)
/work/nvme/bebr/mkhan14/ecg_foundation_model/infant_vs_caregiver/BRP_dataset.py:117: WavFileWarning: Chunk (non-data) not understood, skipping it.
  sr, waveform = wavfile.read(ecg_path)
/work/nvme/bebr/mkhan14/ecg_foundation_model/infant_vs_caregiver/BRP_dataset.py:117: WavFileWarning: Chunk (non-data) not understood, skipping it.
  sr, waveform = wavfile.read(ecg_path)
/work/nvme/bebr/mkhan14/ecg_foundation_model/infant_vs_caregiver/BRP_dataset.py:117: WavFileWarning: Chunk (non-data) not understood, skipping it.
  sr, waveform = wavfile.read(ecg_path)
/work/nvme/bebr/mkhan14/ecg_foundation_model/infant_vs_caregiver/BRP_dataset.py:117: WavFileWarning: Chunk (non-data) not understood, skipping it.
  sr, waveform = wavfile.read(ecg_path)
/work/nvme/bebr/mkhan14/ecg_foundation_model/infant_vs_caregiver/BRP_dataset.py:117: WavFileWarning: Chunk (non-data) not understood, skipping it.
  sr, waveform = wavfile.read(ecg_path)
/work/nvme/bebr/mkhan14/ecg_foundation_model/infant_vs_caregiver/BRP_dataset.py:117: WavFileWarning: Chunk (non-data) not understood, skipping it.
  sr, waveform = wavfile.read(ecg_path)
/work/nvme/bebr/mkhan14/ecg_foundation_model/infant_vs_caregiver/BRP_dataset.py:117: WavFileWarning: Chunk (non-data) not understood, skipping it.
  sr, waveform = wavfile.read(ecg_path)
/work/nvme/bebr/mkhan14/ecg_foundation_model/infant_vs_caregiver/BRP_dataset.py:117: WavFileWarning: Chunk (non-data) not understood, skipping it.
  sr, waveform = wavfile.read(ecg_path)
/work/nvme/bebr/mkhan14/ecg_foundation_model/infant_vs_caregiver/BRP_dataset.py:117: WavFileWarning: Chunk (non-data) not understood, skipping it.
  sr, waveform = wavfile.read(ecg_path)
/work/nvme/bebr/mkhan14/ecg_foundation_model/infant_vs_caregiver/BRP_dataset.py:117: WavFileWarning: Chunk (non-data) not understood, skipping it.
  sr, waveform = wavfile.read(ecg_path)
/work/nvme/bebr/mkhan14/ecg_foundation_model/infant_vs_caregiver/BRP_dataset.py:117: WavFileWarning: Chunk (non-data) not understood, skipping it.
  sr, waveform = wavfile.read(ecg_path)
/work/nvme/bebr/mkhan14/ecg_foundation_model/infant_vs_caregiver/BRP_dataset.py:117: WavFileWarning: Chunk (non-data) not understood, skipping it.
  sr, waveform = wavfile.read(ecg_path)
/work/nvme/bebr/mkhan14/ecg_foundation_model/infant_vs_caregiver/BRP_dataset.py:117: WavFileWarning: Chunk (non-data) not understood, skipping it.
  sr, waveform = wavfile.read(ecg_path)
/work/nvme/bebr/mkhan14/ecg_foundation_model/infant_vs_caregiver/BRP_dataset.py:117: WavFileWarning: Chunk (non-data) not understood, skipping it.
  sr, waveform = wavfile.read(ecg_path)
/work/nvme/bebr/mkhan14/ecg_foundation_model/infant_vs_caregiver/BRP_dataset.py:117: WavFileWarning: Chunk (non-data) not understood, skipping it.
  sr, waveform = wavfile.read(ecg_path)
/work/nvme/bebr/mkhan14/ecg_foundation_model/infant_vs_caregiver/BRP_dataset.py:117: WavFileWarning: Chunk (non-data) not understood, skipping it.
  sr, waveform = wavfile.read(ecg_path)
/work/nvme/bebr/mkhan14/ecg_foundation_model/infant_vs_caregiver/BRP_dataset.py:117: WavFileWarning: Chunk (non-data) not understood, skipping it.
  sr, waveform = wavfile.read(ecg_path)
/work/nvme/bebr/mkhan14/ecg_foundation_model/infant_vs_caregiver/BRP_dataset.py:117: WavFileWarning: Chunk (non-data) not understood, skipping it.
  sr, waveform = wavfile.read(ecg_path)
/work/nvme/bebr/mkhan14/ecg_foundation_model/infant_vs_caregiver/BRP_dataset.py:117: WavFileWarning: Chunk (non-data) not understood, skipping it.
  sr, waveform = wavfile.read(ecg_path)
/work/nvme/bebr/mkhan14/ecg_foundation_model/infant_vs_caregiver/BRP_dataset.py:117: WavFileWarning: Chunk (non-data) not understood, skipping it.
  sr, waveform = wavfile.read(ecg_path)
/work/nvme/bebr/mkhan14/ecg_foundation_model/infant_vs_caregiver/BRP_dataset.py:117: WavFileWarning: Chunk (non-data) not understood, skipping it.
  sr, waveform = wavfile.read(ecg_path)
/work/nvme/bebr/mkhan14/ecg_foundation_model/infant_vs_caregiver/BRP_dataset.py:117: WavFileWarning: Chunk (non-data) not understood, skipping it.
  sr, waveform = wavfile.read(ecg_path)
/work/nvme/bebr/mkhan14/ecg_foundation_model/infant_vs_caregiver/BRP_dataset.py:117: WavFileWarning: Chunk (non-data) not understood, skipping it.
  sr, waveform = wavfile.read(ecg_path)
/work/nvme/bebr/mkhan14/ecg_foundation_model/infant_vs_caregiver/BRP_dataset.py:117: WavFileWarning: Chunk (non-data) not understood, skipping it.
  sr, waveform = wavfile.read(ecg_path)
/work/nvme/bebr/mkhan14/ecg_foundation_model/infant_vs_caregiver/BRP_dataset.py:117: WavFileWarning: Chunk (non-data) not understood, skipping it.
  sr, waveform = wavfile.read(ecg_path)
/work/nvme/bebr/mkhan14/ecg_foundation_model/infant_vs_caregiver/BRP_dataset.py:117: WavFileWarning: Chunk (non-data) not understood, skipping it.
  sr, waveform = wavfile.read(ecg_path)
/work/nvme/bebr/mkhan14/ecg_foundation_model/infant_vs_caregiver/BRP_dataset.py:117: WavFileWarning: Chunk (non-data) not understood, skipping it.
  sr, waveform = wavfile.read(ecg_path)
/work/nvme/bebr/mkhan14/ecg_foundation_model/infant_vs_caregiver/BRP_dataset.py:117: WavFileWarning: Chunk (non-data) not understood, skipping it.
  sr, waveform = wavfile.read(ecg_path)
/work/nvme/bebr/mkhan14/ecg_foundation_model/infant_vs_caregiver/BRP_dataset.py:117: WavFileWarning: Chunk (non-data) not understood, skipping it.
  sr, waveform = wavfile.read(ecg_path)
/work/nvme/bebr/mkhan14/ecg_foundation_model/infant_vs_caregiver/BRP_dataset.py:117: WavFileWarning: Chunk (non-data) not understood, skipping it.
  sr, waveform = wavfile.read(ecg_path)
/work/nvme/bebr/mkhan14/ecg_foundation_model/infant_vs_caregiver/BRP_dataset.py:117: WavFileWarning: Chunk (non-data) not understood, skipping it.
  sr, waveform = wavfile.read(ecg_path)
/work/nvme/bebr/mkhan14/ecg_foundation_model/infant_vs_caregiver/BRP_dataset.py:117: WavFileWarning: Chunk (non-data) not understood, skipping it.
  sr, waveform = wavfile.read(ecg_path)
/work/nvme/bebr/mkhan14/ecg_foundation_model/infant_vs_caregiver/BRP_dataset.py:117: WavFileWarning: Chunk (non-data) not understood, skipping it.
  sr, waveform = wavfile.read(ecg_path)
/work/nvme/bebr/mkhan14/ecg_foundation_model/infant_vs_caregiver/BRP_dataset.py:117: WavFileWarning: Chunk (non-data) not understood, skipping it.
  sr, waveform = wavfile.read(ecg_path)
/work/nvme/bebr/mkhan14/ecg_foundation_model/infant_vs_caregiver/BRP_dataset.py:117: WavFileWarning: Chunk (non-data) not understood, skipping it.
  sr, waveform = wavfile.read(ecg_path)
/work/nvme/bebr/mkhan14/ecg_foundation_model/infant_vs_caregiver/BRP_dataset.py:117: WavFileWarning: Chunk (non-data) not understood, skipping it.
  sr, waveform = wavfile.read(ecg_path)
/work/nvme/bebr/mkhan14/ecg_foundation_model/infant_vs_caregiver/BRP_dataset.py:117: WavFileWarning: Chunk (non-data) not understood, skipping it.
  sr, waveform = wavfile.read(ecg_path)
/work/nvme/bebr/mkhan14/ecg_foundation_model/infant_vs_caregiver/BRP_dataset.py:117: WavFileWarning: Chunk (non-data) not understood, skipping it.
  sr, waveform = wavfile.read(ecg_path)
/work/nvme/bebr/mkhan14/ecg_foundation_model/infant_vs_caregiver/BRP_dataset.py:117: WavFileWarning: Chunk (non-data) not understood, skipping it.
  sr, waveform = wavfile.read(ecg_path)
/work/nvme/bebr/mkhan14/ecg_foundation_model/infant_vs_caregiver/BRP_dataset.py:117: WavFileWarning: Chunk (non-data) not understood, skipping it.
  sr, waveform = wavfile.read(ecg_path)
/work/nvme/bebr/mkhan14/ecg_foundation_model/infant_vs_caregiver/BRP_dataset.py:117: WavFileWarning: Chunk (non-data) not understood, skipping it.
  sr, waveform = wavfile.read(ecg_path)
/work/nvme/bebr/mkhan14/ecg_foundation_model/infant_vs_caregiver/BRP_dataset.py:117: WavFileWarning: Chunk (non-data) not understood, skipping it.
  sr, waveform = wavfile.read(ecg_path)
/work/nvme/bebr/mkhan14/ecg_foundation_model/infant_vs_caregiver/BRP_dataset.py:117: WavFileWarning: Chunk (non-data) not understood, skipping it.
  sr, waveform = wavfile.read(ecg_path)
/work/nvme/bebr/mkhan14/ecg_foundation_model/infant_vs_caregiver/BRP_dataset.py:117: WavFileWarning: Chunk (non-data) not understood, skipping it.
  sr, waveform = wavfile.read(ecg_path)
/work/nvme/bebr/mkhan14/ecg_foundation_model/infant_vs_caregiver/BRP_dataset.py:117: WavFileWarning: Chunk (non-data) not understood, skipping it.
  sr, waveform = wavfile.read(ecg_path)
/work/nvme/bebr/mkhan14/ecg_foundation_model/infant_vs_caregiver/BRP_dataset.py:117: WavFileWarning: Chunk (non-data) not understood, skipping it.
  sr, waveform = wavfile.read(ecg_path)
/work/nvme/bebr/mkhan14/ecg_foundation_model/infant_vs_caregiver/BRP_dataset.py:117: WavFileWarning: Chunk (non-data) not understood, skipping it.
  sr, waveform = wavfile.read(ecg_path)
/work/nvme/bebr/mkhan14/ecg_foundation_model/infant_vs_caregiver/BRP_dataset.py:117: WavFileWarning: Chunk (non-data) not understood, skipping it.
  sr, waveform = wavfile.read(ecg_path)
/work/nvme/bebr/mkhan14/ecg_foundation_model/infant_vs_caregiver/BRP_dataset.py:117: WavFileWarning: Chunk (non-data) not understood, skipping it.
  sr, waveform = wavfile.read(ecg_path)
/work/nvme/bebr/mkhan14/ecg_foundation_model/infant_vs_caregiver/BRP_dataset.py:117: WavFileWarning: Chunk (non-data) not understood, skipping it.
  sr, waveform = wavfile.read(ecg_path)
/work/nvme/bebr/mkhan14/ecg_foundation_model/infant_vs_caregiver/BRP_dataset.py:117: WavFileWarning: Chunk (non-data) not understood, skipping it.
  sr, waveform = wavfile.read(ecg_path)
/work/nvme/bebr/mkhan14/ecg_foundation_model/infant_vs_caregiver/BRP_dataset.py:117: WavFileWarning: Chunk (non-data) not understood, skipping it.
  sr, waveform = wavfile.read(ecg_path)
/work/nvme/bebr/mkhan14/ecg_foundation_model/infant_vs_caregiver/BRP_dataset.py:117: WavFileWarning: Chunk (non-data) not understood, skipping it.
  sr, waveform = wavfile.read(ecg_path)
/work/nvme/bebr/mkhan14/ecg_foundation_model/infant_vs_caregiver/BRP_dataset.py:117: WavFileWarning: Chunk (non-data) not understood, skipping it.
  sr, waveform = wavfile.read(ecg_path)
/work/nvme/bebr/mkhan14/ecg_foundation_model/infant_vs_caregiver/BRP_dataset.py:117: WavFileWarning: Chunk (non-data) not understood, skipping it.
  sr, waveform = wavfile.read(ecg_path)
/work/nvme/bebr/mkhan14/ecg_foundation_model/infant_vs_caregiver/BRP_dataset.py:117: WavFileWarning: Chunk (non-data) not understood, skipping it.
  sr, waveform = wavfile.read(ecg_path)
/work/nvme/bebr/mkhan14/ecg_foundation_model/infant_vs_caregiver/BRP_dataset.py:117: WavFileWarning: Chunk (non-data) not understood, skipping it.
  sr, waveform = wavfile.read(ecg_path)
/work/nvme/bebr/mkhan14/ecg_foundation_model/infant_vs_caregiver/BRP_dataset.py:117: WavFileWarning: Chunk (non-data) not understood, skipping it.
  sr, waveform = wavfile.read(ecg_path)
/work/nvme/bebr/mkhan14/ecg_foundation_model/infant_vs_caregiver/BRP_dataset.py:117: WavFileWarning: Chunk (non-data) not understood, skipping it.
  sr, waveform = wavfile.read(ecg_path)
/work/nvme/bebr/mkhan14/ecg_foundation_model/infant_vs_caregiver/BRP_dataset.py:117: WavFileWarning: Chunk (non-data) not understood, skipping it.
  sr, waveform = wavfile.read(ecg_path)
/work/nvme/bebr/mkhan14/ecg_foundation_model/infant_vs_caregiver/BRP_dataset.py:117: WavFileWarning: Chunk (non-data) not understood, skipping it.
  sr, waveform = wavfile.read(ecg_path)
/work/nvme/bebr/mkhan14/ecg_foundation_model/infant_vs_caregiver/BRP_dataset.py:117: WavFileWarning: Chunk (non-data) not understood, skipping it.
  sr, waveform = wavfile.read(ecg_path)
/work/nvme/bebr/mkhan14/ecg_foundation_model/infant_vs_caregiver/BRP_dataset.py:117: WavFileWarning: Chunk (non-data) not understood, skipping it.
  sr, waveform = wavfile.read(ecg_path)
/work/nvme/bebr/mkhan14/ecg_foundation_model/infant_vs_caregiver/BRP_dataset.py:117: WavFileWarning: Chunk (non-data) not understood, skipping it.
  sr, waveform = wavfile.read(ecg_path)
/work/nvme/bebr/mkhan14/ecg_foundation_model/infant_vs_caregiver/BRP_dataset.py:117: WavFileWarning: Chunk (non-data) not understood, skipping it.
  sr, waveform = wavfile.read(ecg_path)
/work/nvme/bebr/mkhan14/ecg_foundation_model/infant_vs_caregiver/BRP_dataset.py:117: WavFileWarning: Chunk (non-data) not understood, skipping it.
  sr, waveform = wavfile.read(ecg_path)
/work/nvme/bebr/mkhan14/ecg_foundation_model/infant_vs_caregiver/BRP_dataset.py:117: WavFileWarning: Chunk (non-data) not understood, skipping it.
  sr, waveform = wavfile.read(ecg_path)
/work/nvme/bebr/mkhan14/ecg_foundation_model/infant_vs_caregiver/BRP_dataset.py:117: WavFileWarning: Chunk (non-data) not understood, skipping it.
  sr, waveform = wavfile.read(ecg_path)
/work/nvme/bebr/mkhan14/ecg_foundation_model/infant_vs_caregiver/BRP_dataset.py:117: WavFileWarning: Chunk (non-data) not understood, skipping it.
  sr, waveform = wavfile.read(ecg_path)
/work/nvme/bebr/mkhan14/ecg_foundation_model/infant_vs_caregiver/BRP_dataset.py:117: WavFileWarning: Chunk (non-data) not understood, skipping it.
  sr, waveform = wavfile.read(ecg_path)
/work/nvme/bebr/mkhan14/ecg_foundation_model/infant_vs_caregiver/BRP_dataset.py:117: WavFileWarning: Chunk (non-data) not understood, skipping it.
  sr, waveform = wavfile.read(ecg_path)
/work/nvme/bebr/mkhan14/ecg_foundation_model/infant_vs_caregiver/BRP_dataset.py:117: WavFileWarning: Chunk (non-data) not understood, skipping it.
  sr, waveform = wavfile.read(ecg_path)
/work/nvme/bebr/mkhan14/ecg_foundation_model/infant_vs_caregiver/BRP_dataset.py:117: WavFileWarning: Chunk (non-data) not understood, skipping it.
  sr, waveform = wavfile.read(ecg_path)
/work/nvme/bebr/mkhan14/ecg_foundation_model/infant_vs_caregiver/BRP_dataset.py:117: WavFileWarning: Chunk (non-data) not understood, skipping it.
  sr, waveform = wavfile.read(ecg_path)
/work/nvme/bebr/mkhan14/ecg_foundation_model/infant_vs_caregiver/BRP_dataset.py:117: WavFileWarning: Chunk (non-data) not understood, skipping it.
  sr, waveform = wavfile.read(ecg_path)
/work/nvme/bebr/mkhan14/ecg_foundation_model/infant_vs_caregiver/BRP_dataset.py:117: WavFileWarning: Chunk (non-data) not understood, skipping it.
  sr, waveform = wavfile.read(ecg_path)
/work/nvme/bebr/mkhan14/ecg_foundation_model/infant_vs_caregiver/BRP_dataset.py:117: WavFileWarning: Chunk (non-data) not understood, skipping it.
  sr, waveform = wavfile.read(ecg_path)
/work/nvme/bebr/mkhan14/ecg_foundation_model/infant_vs_caregiver/BRP_dataset.py:117: WavFileWarning: Chunk (non-data) not understood, skipping it.
  sr, waveform = wavfile.read(ecg_path)
/work/nvme/bebr/mkhan14/ecg_foundation_model/infant_vs_caregiver/BRP_dataset.py:117: WavFileWarning: Chunk (non-data) not understood, skipping it.
  sr, waveform = wavfile.read(ecg_path)
/work/nvme/bebr/mkhan14/ecg_foundation_model/infant_vs_caregiver/BRP_dataset.py:117: WavFileWarning: Chunk (non-data) not understood, skipping it.
  sr, waveform = wavfile.read(ecg_path)
/work/nvme/bebr/mkhan14/ecg_foundation_model/infant_vs_caregiver/BRP_dataset.py:117: WavFileWarning: Chunk (non-data) not understood, skipping it.
  sr, waveform = wavfile.read(ecg_path)
/work/nvme/bebr/mkhan14/ecg_foundation_model/infant_vs_caregiver/BRP_dataset.py:117: WavFileWarning: Chunk (non-data) not understood, skipping it.
  sr, waveform = wavfile.read(ecg_path)
/work/nvme/bebr/mkhan14/ecg_foundation_model/infant_vs_caregiver/BRP_dataset.py:117: WavFileWarning: Chunk (non-data) not understood, skipping it.
  sr, waveform = wavfile.read(ecg_path)
/work/nvme/bebr/mkhan14/ecg_foundation_model/infant_vs_caregiver/BRP_dataset.py:117: WavFileWarning: Chunk (non-data) not understood, skipping it.
  sr, waveform = wavfile.read(ecg_path)
/work/nvme/bebr/mkhan14/ecg_foundation_model/infant_vs_caregiver/BRP_dataset.py:117: WavFileWarning: Chunk (non-data) not understood, skipping it.
  sr, waveform = wavfile.read(ecg_path)
/work/nvme/bebr/mkhan14/ecg_foundation_model/infant_vs_caregiver/BRP_dataset.py:117: WavFileWarning: Chunk (non-data) not understood, skipping it.
  sr, waveform = wavfile.read(ecg_path)
/work/nvme/bebr/mkhan14/ecg_foundation_model/infant_vs_caregiver/BRP_dataset.py:117: WavFileWarning: Chunk (non-data) not understood, skipping it.
  sr, waveform = wavfile.read(ecg_path)
/work/nvme/bebr/mkhan14/ecg_foundation_model/infant_vs_caregiver/BRP_dataset.py:117: WavFileWarning: Chunk (non-data) not understood, skipping it.
  sr, waveform = wavfile.read(ecg_path)
/work/nvme/bebr/mkhan14/ecg_foundation_model/infant_vs_caregiver/BRP_dataset.py:117: WavFileWarning: Chunk (non-data) not understood, skipping it.
  sr, waveform = wavfile.read(ecg_path)
/work/nvme/bebr/mkhan14/ecg_foundation_model/infant_vs_caregiver/BRP_dataset.py:117: WavFileWarning: Chunk (non-data) not understood, skipping it.
  sr, waveform = wavfile.read(ecg_path)
/work/nvme/bebr/mkhan14/ecg_foundation_model/infant_vs_caregiver/BRP_dataset.py:117: WavFileWarning: Chunk (non-data) not understood, skipping it.
  sr, waveform = wavfile.read(ecg_path)
/work/nvme/bebr/mkhan14/ecg_foundation_model/infant_vs_caregiver/BRP_dataset.py:117: WavFileWarning: Chunk (non-data) not understood, skipping it.
  sr, waveform = wavfile.read(ecg_path)
/work/nvme/bebr/mkhan14/ecg_foundation_model/infant_vs_caregiver/BRP_dataset.py:117: WavFileWarning: Chunk (non-data) not understood, skipping it.
  sr, waveform = wavfile.read(ecg_path)
/work/nvme/bebr/mkhan14/ecg_foundation_model/infant_vs_caregiver/BRP_dataset.py:117: WavFileWarning: Chunk (non-data) not understood, skipping it.
  sr, waveform = wavfile.read(ecg_path)
/work/nvme/bebr/mkhan14/ecg_foundation_model/infant_vs_caregiver/BRP_dataset.py:117: WavFileWarning: Chunk (non-data) not understood, skipping it.
  sr, waveform = wavfile.read(ecg_path)
/work/nvme/bebr/mkhan14/ecg_foundation_model/infant_vs_caregiver/BRP_dataset.py:117: WavFileWarning: Chunk (non-data) not understood, skipping it.
  sr, waveform = wavfile.read(ecg_path)
/work/nvme/bebr/mkhan14/ecg_foundation_model/infant_vs_caregiver/BRP_dataset.py:117: WavFileWarning: Chunk (non-data) not understood, skipping it.
  sr, waveform = wavfile.read(ecg_path)
/work/nvme/bebr/mkhan14/ecg_foundation_model/infant_vs_caregiver/BRP_dataset.py:117: WavFileWarning: Chunk (non-data) not understood, skipping it.
  sr, waveform = wavfile.read(ecg_path)
/work/nvme/bebr/mkhan14/ecg_foundation_model/infant_vs_caregiver/BRP_dataset.py:117: WavFileWarning: Chunk (non-data) not understood, skipping it.
  sr, waveform = wavfile.read(ecg_path)
/work/nvme/bebr/mkhan14/ecg_foundation_model/infant_vs_caregiver/BRP_dataset.py:117: WavFileWarning: Chunk (non-data) not understood, skipping it.
  sr, waveform = wavfile.read(ecg_path)
/work/nvme/bebr/mkhan14/ecg_foundation_model/infant_vs_caregiver/BRP_dataset.py:117: WavFileWarning: Chunk (non-data) not understood, skipping it.
  sr, waveform = wavfile.read(ecg_path)
/work/nvme/bebr/mkhan14/ecg_foundation_model/infant_vs_caregiver/BRP_dataset.py:117: WavFileWarning: Chunk (non-data) not understood, skipping it.
  sr, waveform = wavfile.read(ecg_path)
/work/nvme/bebr/mkhan14/ecg_foundation_model/infant_vs_caregiver/BRP_dataset.py:117: WavFileWarning: Chunk (non-data) not understood, skipping it.
  sr, waveform = wavfile.read(ecg_path)
/work/nvme/bebr/mkhan14/ecg_foundation_model/infant_vs_caregiver/BRP_dataset.py:117: WavFileWarning: Chunk (non-data) not understood, skipping it.
  sr, waveform = wavfile.read(ecg_path)
/work/nvme/bebr/mkhan14/ecg_foundation_model/infant_vs_caregiver/BRP_dataset.py:117: WavFileWarning: Chunk (non-data) not understood, skipping it.
  sr, waveform = wavfile.read(ecg_path)
/work/nvme/bebr/mkhan14/ecg_foundation_model/infant_vs_caregiver/BRP_dataset.py:117: WavFileWarning: Chunk (non-data) not understood, skipping it.
  sr, waveform = wavfile.read(ecg_path)
/work/nvme/bebr/mkhan14/ecg_foundation_model/infant_vs_caregiver/BRP_dataset.py:117: WavFileWarning: Chunk (non-data) not understood, skipping it.
  sr, waveform = wavfile.read(ecg_path)
/work/nvme/bebr/mkhan14/ecg_foundation_model/infant_vs_caregiver/BRP_dataset.py:117: WavFileWarning: Chunk (non-data) not understood, skipping it.
  sr, waveform = wavfile.read(ecg_path)
/work/nvme/bebr/mkhan14/ecg_foundation_model/infant_vs_caregiver/BRP_dataset.py:117: WavFileWarning: Chunk (non-data) not understood, skipping it.
  sr, waveform = wavfile.read(ecg_path)
/work/nvme/bebr/mkhan14/ecg_foundation_model/infant_vs_caregiver/BRP_dataset.py:117: WavFileWarning: Chunk (non-data) not understood, skipping it.
  sr, waveform = wavfile.read(ecg_path)
/work/nvme/bebr/mkhan14/ecg_foundation_model/infant_vs_caregiver/BRP_dataset.py:117: WavFileWarning: Chunk (non-data) not understood, skipping it.
  sr, waveform = wavfile.read(ecg_path)
/work/nvme/bebr/mkhan14/ecg_foundation_model/infant_vs_caregiver/BRP_dataset.py:117: WavFileWarning: Chunk (non-data) not understood, skipping it.
  sr, waveform = wavfile.read(ecg_path)
/work/nvme/bebr/mkhan14/ecg_foundation_model/infant_vs_caregiver/BRP_dataset.py:117: WavFileWarning: Chunk (non-data) not understood, skipping it.
  sr, waveform = wavfile.read(ecg_path)
/work/nvme/bebr/mkhan14/ecg_foundation_model/infant_vs_caregiver/BRP_dataset.py:117: WavFileWarning: Chunk (non-data) not understood, skipping it.
  sr, waveform = wavfile.read(ecg_path)
/work/nvme/bebr/mkhan14/ecg_foundation_model/infant_vs_caregiver/BRP_dataset.py:117: WavFileWarning: Chunk (non-data) not understood, skipping it.
  sr, waveform = wavfile.read(ecg_path)
/work/nvme/bebr/mkhan14/ecg_foundation_model/infant_vs_caregiver/BRP_dataset.py:117: WavFileWarning: Chunk (non-data) not understood, skipping it.
  sr, waveform = wavfile.read(ecg_path)
/work/nvme/bebr/mkhan14/ecg_foundation_model/infant_vs_caregiver/BRP_dataset.py:117: WavFileWarning: Chunk (non-data) not understood, skipping it.
  sr, waveform = wavfile.read(ecg_path)
/work/nvme/bebr/mkhan14/ecg_foundation_model/infant_vs_caregiver/BRP_dataset.py:117: WavFileWarning: Chunk (non-data) not understood, skipping it.
  sr, waveform = wavfile.read(ecg_path)
/work/nvme/bebr/mkhan14/ecg_foundation_model/infant_vs_caregiver/BRP_dataset.py:117: WavFileWarning: Chunk (non-data) not understood, skipping it.
  sr, waveform = wavfile.read(ecg_path)
/work/nvme/bebr/mkhan14/ecg_foundation_model/infant_vs_caregiver/BRP_dataset.py:117: WavFileWarning: Chunk (non-data) not understood, skipping it.
  sr, waveform = wavfile.read(ecg_path)
/work/nvme/bebr/mkhan14/ecg_foundation_model/infant_vs_caregiver/BRP_dataset.py:117: WavFileWarning: Chunk (non-data) not understood, skipping it.
  sr, waveform = wavfile.read(ecg_path)
/work/nvme/bebr/mkhan14/ecg_foundation_model/infant_vs_caregiver/BRP_dataset.py:117: WavFileWarning: Chunk (non-data) not understood, skipping it.
  sr, waveform = wavfile.read(ecg_path)
/work/nvme/bebr/mkhan14/ecg_foundation_model/infant_vs_caregiver/BRP_dataset.py:117: WavFileWarning: Chunk (non-data) not understood, skipping it.
  sr, waveform = wavfile.read(ecg_path)
/work/nvme/bebr/mkhan14/ecg_foundation_model/infant_vs_caregiver/BRP_dataset.py:117: WavFileWarning: Chunk (non-data) not understood, skipping it.
  sr, waveform = wavfile.read(ecg_path)
/work/nvme/bebr/mkhan14/ecg_foundation_model/infant_vs_caregiver/BRP_dataset.py:117: WavFileWarning: Chunk (non-data) not understood, skipping it.
  sr, waveform = wavfile.read(ecg_path)
/work/nvme/bebr/mkhan14/ecg_foundation_model/infant_vs_caregiver/BRP_dataset.py:117: WavFileWarning: Chunk (non-data) not understood, skipping it.
  sr, waveform = wavfile.read(ecg_path)
/work/nvme/bebr/mkhan14/ecg_foundation_model/infant_vs_caregiver/BRP_dataset.py:117: WavFileWarning: Chunk (non-data) not understood, skipping it.
  sr, waveform = wavfile.read(ecg_path)
/work/nvme/bebr/mkhan14/ecg_foundation_model/infant_vs_caregiver/BRP_dataset.py:117: WavFileWarning: Chunk (non-data) not understood, skipping it.
  sr, waveform = wavfile.read(ecg_path)
/work/nvme/bebr/mkhan14/ecg_foundation_model/infant_vs_caregiver/BRP_dataset.py:117: WavFileWarning: Chunk (non-data) not understood, skipping it.
  sr, waveform = wavfile.read(ecg_path)
/work/nvme/bebr/mkhan14/ecg_foundation_model/infant_vs_caregiver/BRP_dataset.py:117: WavFileWarning: Chunk (non-data) not understood, skipping it.
  sr, waveform = wavfile.read(ecg_path)
/work/nvme/bebr/mkhan14/ecg_foundation_model/infant_vs_caregiver/BRP_dataset.py:117: WavFileWarning: Chunk (non-data) not understood, skipping it.
  sr, waveform = wavfile.read(ecg_path)
/work/nvme/bebr/mkhan14/ecg_foundation_model/infant_vs_caregiver/BRP_dataset.py:117: WavFileWarning: Chunk (non-data) not understood, skipping it.
  sr, waveform = wavfile.read(ecg_path)
/work/nvme/bebr/mkhan14/ecg_foundation_model/infant_vs_caregiver/BRP_dataset.py:117: WavFileWarning: Chunk (non-data) not understood, skipping it.
  sr, waveform = wavfile.read(ecg_path)
/work/nvme/bebr/mkhan14/ecg_foundation_model/infant_vs_caregiver/BRP_dataset.py:117: WavFileWarning: Chunk (non-data) not understood, skipping it.
  sr, waveform = wavfile.read(ecg_path)
/work/nvme/bebr/mkhan14/ecg_foundation_model/infant_vs_caregiver/BRP_dataset.py:117: WavFileWarning: Chunk (non-data) not understood, skipping it.
  sr, waveform = wavfile.read(ecg_path)
/work/nvme/bebr/mkhan14/ecg_foundation_model/infant_vs_caregiver/BRP_dataset.py:117: WavFileWarning: Chunk (non-data) not understood, skipping it.
  sr, waveform = wavfile.read(ecg_path)
/work/nvme/bebr/mkhan14/ecg_foundation_model/infant_vs_caregiver/BRP_dataset.py:117: WavFileWarning: Chunk (non-data) not understood, skipping it.
  sr, waveform = wavfile.read(ecg_path)
/work/nvme/bebr/mkhan14/ecg_foundation_model/infant_vs_caregiver/BRP_dataset.py:117: WavFileWarning: Chunk (non-data) not understood, skipping it.
  sr, waveform = wavfile.read(ecg_path)
/work/nvme/bebr/mkhan14/ecg_foundation_model/infant_vs_caregiver/BRP_dataset.py:117: WavFileWarning: Chunk (non-data) not understood, skipping it.
  sr, waveform = wavfile.read(ecg_path)
/work/nvme/bebr/mkhan14/ecg_foundation_model/infant_vs_caregiver/BRP_dataset.py:117: WavFileWarning: Chunk (non-data) not understood, skipping it.
  sr, waveform = wavfile.read(ecg_path)
/work/nvme/bebr/mkhan14/ecg_foundation_model/infant_vs_caregiver/BRP_dataset.py:117: WavFileWarning: Chunk (non-data) not understood, skipping it.
  sr, waveform = wavfile.read(ecg_path)
/work/nvme/bebr/mkhan14/ecg_foundation_model/infant_vs_caregiver/BRP_dataset.py:117: WavFileWarning: Chunk (non-data) not understood, skipping it.
  sr, waveform = wavfile.read(ecg_path)
/work/nvme/bebr/mkhan14/ecg_foundation_model/infant_vs_caregiver/BRP_dataset.py:117: WavFileWarning: Chunk (non-data) not understood, skipping it.
  sr, waveform = wavfile.read(ecg_path)
/work/nvme/bebr/mkhan14/ecg_foundation_model/infant_vs_caregiver/BRP_dataset.py:117: WavFileWarning: Chunk (non-data) not understood, skipping it.
  sr, waveform = wavfile.read(ecg_path)
/work/nvme/bebr/mkhan14/ecg_foundation_model/infant_vs_caregiver/BRP_dataset.py:117: WavFileWarning: Chunk (non-data) not understood, skipping it.
  sr, waveform = wavfile.read(ecg_path)
/work/nvme/bebr/mkhan14/ecg_foundation_model/infant_vs_caregiver/BRP_dataset.py:117: WavFileWarning: Chunk (non-data) not understood, skipping it.
  sr, waveform = wavfile.read(ecg_path)
/work/nvme/bebr/mkhan14/ecg_foundation_model/infant_vs_caregiver/BRP_dataset.py:117: WavFileWarning: Chunk (non-data) not understood, skipping it.
  sr, waveform = wavfile.read(ecg_path)
/work/nvme/bebr/mkhan14/ecg_foundation_model/infant_vs_caregiver/BRP_dataset.py:117: WavFileWarning: Chunk (non-data) not understood, skipping it.
  sr, waveform = wavfile.read(ecg_path)
/work/nvme/bebr/mkhan14/ecg_foundation_model/infant_vs_caregiver/BRP_dataset.py:117: WavFileWarning: Chunk (non-data) not understood, skipping it.
  sr, waveform = wavfile.read(ecg_path)
/work/nvme/bebr/mkhan14/ecg_foundation_model/infant_vs_caregiver/BRP_dataset.py:117: WavFileWarning: Chunk (non-data) not understood, skipping it.
  sr, waveform = wavfile.read(ecg_path)
/work/nvme/bebr/mkhan14/ecg_foundation_model/infant_vs_caregiver/BRP_dataset.py:117: WavFileWarning: Chunk (non-data) not understood, skipping it.
  sr, waveform = wavfile.read(ecg_path)
/work/nvme/bebr/mkhan14/ecg_foundation_model/infant_vs_caregiver/BRP_dataset.py:117: WavFileWarning: Chunk (non-data) not understood, skipping it.
  sr, waveform = wavfile.read(ecg_path)
/work/nvme/bebr/mkhan14/ecg_foundation_model/infant_vs_caregiver/BRP_dataset.py:117: WavFileWarning: Chunk (non-data) not understood, skipping it.
  sr, waveform = wavfile.read(ecg_path)
/work/nvme/bebr/mkhan14/ecg_foundation_model/infant_vs_caregiver/BRP_dataset.py:117: WavFileWarning: Chunk (non-data) not understood, skipping it.
  sr, waveform = wavfile.read(ecg_path)
/work/nvme/bebr/mkhan14/ecg_foundation_model/infant_vs_caregiver/BRP_dataset.py:117: WavFileWarning: Chunk (non-data) not understood, skipping it.
  sr, waveform = wavfile.read(ecg_path)
/work/nvme/bebr/mkhan14/ecg_foundation_model/infant_vs_caregiver/BRP_dataset.py:117: WavFileWarning: Chunk (non-data) not understood, skipping it.
  sr, waveform = wavfile.read(ecg_path)
/work/nvme/bebr/mkhan14/ecg_foundation_model/infant_vs_caregiver/BRP_dataset.py:117: WavFileWarning: Chunk (non-data) not understood, skipping it.
  sr, waveform = wavfile.read(ecg_path)
/work/nvme/bebr/mkhan14/ecg_foundation_model/infant_vs_caregiver/BRP_dataset.py:117: WavFileWarning: Chunk (non-data) not understood, skipping it.
  sr, waveform = wavfile.read(ecg_path)
/work/nvme/bebr/mkhan14/ecg_foundation_model/infant_vs_caregiver/BRP_dataset.py:117: WavFileWarning: Chunk (non-data) not understood, skipping it.
  sr, waveform = wavfile.read(ecg_path)
/work/nvme/bebr/mkhan14/ecg_foundation_model/infant_vs_caregiver/BRP_dataset.py:117: WavFileWarning: Chunk (non-data) not understood, skipping it.
  sr, waveform = wavfile.read(ecg_path)
/work/nvme/bebr/mkhan14/ecg_foundation_model/infant_vs_caregiver/BRP_dataset.py:117: WavFileWarning: Chunk (non-data) not understood, skipping it.
  sr, waveform = wavfile.read(ecg_path)
/work/nvme/bebr/mkhan14/ecg_foundation_model/infant_vs_caregiver/BRP_dataset.py:117: WavFileWarning: Chunk (non-data) not understood, skipping it.
  sr, waveform = wavfile.read(ecg_path)
/work/nvme/bebr/mkhan14/ecg_foundation_model/infant_vs_caregiver/BRP_dataset.py:117: WavFileWarning: Chunk (non-data) not understood, skipping it.
  sr, waveform = wavfile.read(ecg_path)
/work/nvme/bebr/mkhan14/ecg_foundation_model/infant_vs_caregiver/BRP_dataset.py:117: WavFileWarning: Chunk (non-data) not understood, skipping it.
  sr, waveform = wavfile.read(ecg_path)
/work/nvme/bebr/mkhan14/ecg_foundation_model/infant_vs_caregiver/BRP_dataset.py:117: WavFileWarning: Chunk (non-data) not understood, skipping it.
  sr, waveform = wavfile.read(ecg_path)
/work/nvme/bebr/mkhan14/ecg_foundation_model/infant_vs_caregiver/BRP_dataset.py:117: WavFileWarning: Chunk (non-data) not understood, skipping it.
  sr, waveform = wavfile.read(ecg_path)
/work/nvme/bebr/mkhan14/ecg_foundation_model/infant_vs_caregiver/BRP_dataset.py:117: WavFileWarning: Chunk (non-data) not understood, skipping it.
  sr, waveform = wavfile.read(ecg_path)
/work/nvme/bebr/mkhan14/ecg_foundation_model/infant_vs_caregiver/BRP_dataset.py:117: WavFileWarning: Chunk (non-data) not understood, skipping it.
  sr, waveform = wavfile.read(ecg_path)
/work/nvme/bebr/mkhan14/ecg_foundation_model/infant_vs_caregiver/BRP_dataset.py:117: WavFileWarning: Chunk (non-data) not understood, skipping it.
  sr, waveform = wavfile.read(ecg_path)
/work/nvme/bebr/mkhan14/ecg_foundation_model/infant_vs_caregiver/BRP_dataset.py:117: WavFileWarning: Chunk (non-data) not understood, skipping it.
  sr, waveform = wavfile.read(ecg_path)
wandb: updating run metadata; uploading artifact run-1b1jb5f0-testconfusion_matrix_table-ifNpKg
wandb: uploading artifact run-1b1jb5f0-testconfusion_matrix_table-ifNpKg
wandb: uploading data
wandb: 
wandb: Run history:
wandb:          epoch ▁▁▁▁▂▂▂▂▂▂▃▃▃▃▃▄▄▄▄▄▅▅▅▅▅▆▆▆▆▆▆▇▇▇▇▇▇███
wandb:  test/accuracy ▁
wandb:     test/kappa ▁
wandb:      test/loss ▁
wandb:  test/macro_f1 ▁
wandb: train/accuracy ▁▁▂▂▃▄▅▅▅▅▆▆▆▆▆▆▆▆▆▇▇▇▇▇▇▇▇▇▇▇▇█████████
wandb:    train/kappa ▁▁▁▁▂▄▄▅▅▅▆▆▆▆▆▇▇▇▇▇▇▇▇▇▇▇▇▇██▇█████████
wandb:     train/loss ██▇▇▆▅▅▅▄▄▄▃▃▃▃▃▃▃▂▂▂▂▂▂▂▂▂▂▂▂▁▁▁▁▁▁▁▁▁▁
wandb: train/macro_f1 ▁▁▁▁▃▅▅▆▆▆▆▆▆▇▇▇▇▇▇▇▇▇▇▇▇███████████████
wandb:   val/accuracy ▄▄▄▄▄▃▃▃▃▄▆▇▇███▅▃▃█▅▆▃▃▄▄▃▃▃▄▁▅▃▃▂▃▄▁▃▄
wandb:             +3 ...
wandb: 
wandb: Run summary:
wandb: best_val_macro_f1 0.51709
wandb:             epoch 50
wandb:     test/accuracy 0.60973
wandb:        test/kappa 0.07864
wandb:         test/loss 1.25382
wandb:     test/macro_f1 0.51709
wandb:    train/accuracy 0.80351
wandb:       train/kappa 0.47488
wandb:        train/loss 0.44467
wandb:    train/macro_f1 0.73226
wandb:                +4 ...
wandb: 
wandb: 🚀 View run sft_brp-infant-vs-caregiver_v1.0_window_sec_10 at: https://wandb.ai/nurhossain2301-worcester-polytechnic-institute/ecg-hubert-brp-sft/runs/1b1jb5f0
wandb: ⭐️ View project at: https://wandb.ai/nurhossain2301-worcester-polytechnic-institute/ecg-hubert-brp-sft
wandb: Synced 5 W&B file(s), 1 media file(s), 2 artifact file(s) and 0 other file(s)
wandb: Find logs at: ./wandb/run-20260407_115541-1b1jb5f0/logs
/work/nvme/bebr/mkhan14/ecg_foundation_model/infant_vs_caregiver/BRP_dataset.py:68: WavFileWarning: Chunk (non-data) not understood, skipping it.
  sr, waveform = wavfile.read(ecg_path)
/work/nvme/bebr/mkhan14/ecg_foundation_model/venv/lib/python3.11/site-packages/torch/nn/modules/transformer.py:392: UserWarning: enable_nested_tensor is True, but self.use_nested_tensor is False because encoder_layer.norm_first was True
  warnings.warn(
/work/nvme/bebr/mkhan14/ecg_foundation_model/infant_vs_caregiver/BRP_dataset.py:117: WavFileWarning: Chunk (non-data) not understood, skipping it.
  sr, waveform = wavfile.read(ecg_path)
/work/nvme/bebr/mkhan14/ecg_foundation_model/infant_vs_caregiver/BRP_dataset.py:117: WavFileWarning: Chunk (non-data) not understood, skipping it.
  sr, waveform = wavfile.read(ecg_path)
/work/nvme/bebr/mkhan14/ecg_foundation_model/infant_vs_caregiver/BRP_dataset.py:117: WavFileWarning: Chunk (non-data) not understood, skipping it.
  sr, waveform = wavfile.read(ecg_path)
/work/nvme/bebr/mkhan14/ecg_foundation_model/infant_vs_caregiver/BRP_dataset.py:117: WavFileWarning: Chunk (non-data) not understood, skipping it.
  sr, waveform = wavfile.read(ecg_path)
